2025-03-24 12:43:20,379 - INFO - processing.content_classifier - Loaded Spanish spaCy model for content classification
2025-03-24 12:43:20,581 - INFO - processing.entity_recognizer - Loaded Spanish spaCy model for entity recognition
2025-03-24 12:43:20,635 - INFO - root - Repairing database...
2025-03-24 12:43:20,635 - INFO - root - Starting database repair for /Users/joseperez/Documents/GitHub/candidate_scraper/data/mexican_candidates.db
2025-03-24 12:43:20,635 - INFO - database.db_manager - Initializing database at /Users/joseperez/Documents/GitHub/candidate_scraper/data/mexican_candidates.db
2025-03-24 12:43:20,638 - INFO - database.db_manager - Database initialized successfully
2025-03-24 12:43:20,638 - INFO - root - Repairing database constraints
2025-03-24 12:43:20,639 - INFO - root - No foreign key violations found
2025-03-24 12:43:20,639 - INFO - root - Repairing orphaned links
2025-03-24 12:43:20,639 - INFO - root - Removed 0 orphaned candidate-article links
2025-03-24 12:43:20,639 - INFO - root - Removed 0 orphaned quotes
2025-03-24 12:43:20,639 - INFO - root - Removed 0 orphaned entities
2025-03-24 12:43:20,639 - INFO - root - Repairing domain statistics
2025-03-24 12:43:20,639 - INFO - root - No duplicate domain stats found
2025-03-24 12:43:20,639 - INFO - root - No duplicate blacklist entries found
2025-03-24 12:43:20,640 - INFO - root - Repairing batch statuses
2025-03-24 12:43:20,640 - INFO - root - No batch status issues found
2025-03-24 12:43:20,640 - INFO - database.db_manager - Database repairs completed: {'orphaned_links_removed': 0, 'orphaned_quotes_removed': 0, 'batch_statuses_fixed': 0, 'invalid_records_fixed': 0, 'invalid_dates_fixed': 0, 'blacklisted_articles_removed': 0}
2025-03-24 12:43:20,642 - INFO - root - Vacuumed database to optimize storage
2025-03-24 12:43:20,643 - INFO - root - Database integrity check passed
2025-03-24 12:43:20,643 - INFO - root - Database repair completed
2025-03-24 12:43:20,643 - INFO - root - Repair results: {'fk_violations': 0, 'orphaned_links': 0, 'orphaned_quotes': 0, 'orphaned_entities': 0, 'stats_fixed': 0, 'blacklist_fixed': 0, 'batch_fixes': 0, 'orphaned_links_removed': 0, 'orphaned_quotes_removed': 0, 'batch_statuses_fixed': 0, 'invalid_records_fixed': 0, 'invalid_dates_fixed': 0, 'blacklisted_articles_removed': 0, 'integrity_check': 'passed'}
2025-03-24 12:43:36,882 - INFO - processing.content_classifier - Loaded Spanish spaCy model for content classification
2025-03-24 12:43:37,081 - INFO - processing.entity_recognizer - Loaded Spanish spaCy model for entity recognition
2025-03-24 12:43:37,131 - INFO - root - Initializing database at /Users/joseperez/Documents/GitHub/candidate_scraper/data/mexican_candidates.db
2025-03-24 12:43:37,131 - INFO - database.db_manager - Initializing database at /Users/joseperez/Documents/GitHub/candidate_scraper/data/mexican_candidates.db
2025-03-24 12:43:37,133 - INFO - database.db_manager - Database initialized successfully
2025-03-24 12:43:37,134 - INFO - root - Initializing Oxylabs API manager
2025-03-24 12:43:37,134 - INFO - scrapers.oxylabs_manager - Initialized OxylabsAPIManager with country=mx, mode=direct
2025-03-24 12:43:37,134 - ERROR - root - Error loading candidates CSV: [Errno 2] No such file or directory: 'path/to/candidates.csv'
2025-03-24 12:43:37,137 - INFO - root - Mexican Candidate Scraper successfully initialized
2025-03-24 12:43:37,137 - INFO - root - Starting batch processing...
2025-03-24 12:43:37,137 - ERROR - root - No candidates data available
2025-03-24 12:43:37,137 - WARNING - root - Batch processing did not complete successfully
2025-03-24 12:43:37,137 - INFO - root - Scraping completed!
2025-03-24 12:44:59,204 - INFO - processing.content_classifier - Loaded Spanish spaCy model for content classification
2025-03-24 12:44:59,401 - INFO - processing.entity_recognizer - Loaded Spanish spaCy model for entity recognition
2025-03-24 12:44:59,453 - INFO - root - Initializing database at /Users/joseperez/Documents/GitHub/candidate_scraper/data/mexican_candidates.db
2025-03-24 12:44:59,453 - INFO - database.db_manager - Initializing database at /Users/joseperez/Documents/GitHub/candidate_scraper/data/mexican_candidates.db
2025-03-24 12:44:59,456 - INFO - database.db_manager - Database initialized successfully
2025-03-24 12:44:59,456 - INFO - root - Initializing Oxylabs API manager
2025-03-24 12:44:59,456 - INFO - scrapers.oxylabs_manager - Initialized OxylabsAPIManager with country=mx, mode=direct
2025-03-24 12:44:59,469 - INFO - root - Raw data loaded: 25862 rows
2025-03-24 12:44:59,475 - INFO - root - Rows with missing essential data: 77
2025-03-24 12:44:59,477 - INFO - root - Rows after dropping incomplete entries: 25785
2025-03-24 12:44:59,494 - INFO - root - Successfully cleaned data: 25785 valid candidates
2025-03-24 12:44:59,498 - INFO - processing.entity_recognizer - Extracted 23518 valid candidate names
2025-03-24 12:44:59,502 - INFO - processing.entity_recognizer - Extracted 2325 valid municipalities
2025-03-24 12:44:59,736 - INFO - processing.entity_recognizer - Created mapping for 23518 candidates to municipalities
2025-03-24 12:44:59,738 - INFO - root - Mexican Candidate Scraper successfully initialized
2025-03-24 12:44:59,738 - INFO - root - Starting batch processing...
2025-03-24 12:44:59,781 - INFO - root - Starting batch with 1 candidates
2025-03-24 12:44:59,782 - INFO - database.db_manager - Created new batch with ID 1 for 1 candidates
2025-03-24 12:44:59,782 - INFO - root - Processing candidate: LORENA MARTINEZ RODRIGUEZ, AGUASCALIENTES, 2011
2025-03-24 12:44:59,782 - INFO - scrapers.search_engine - Enhanced search for: LORENA MARTINEZ RODRIGUEZ in AGUASCALIENTES, year 2011
2025-03-24 12:44:59,784 - INFO - scrapers.search_engine - Generated 18 search queries for LORENA MARTINEZ RODRIGUEZ
2025-03-24 12:44:59,785 - INFO - scrapers.oxylabs_manager - Sending Oxylabs request (attempt 1/3): LORENA MARTINEZ RODRIGUEZ AGUASCALIENTES 2011...
2025-03-24 12:45:04,836 - INFO - scrapers.oxylabs_manager - Oxylabs API request successful for: LORENA MARTINEZ RODRIGUEZ AGUASCALIENTES 2011...
2025-03-24 12:45:04,838 - INFO - scrapers.oxylabs_manager - Received 1 result pages from Oxylabs
2025-03-24 12:45:04,840 - INFO - scrapers.oxylabs_manager - Extracted 1 search results from Oxylabs API
2025-03-24 12:45:04,845 - INFO - scrapers.search_engine - Found 1 results for query: LORENA MARTINEZ RODRIGUEZ AGUASCALIENTES 2011...
2025-03-24 12:45:06,175 - INFO - scrapers.oxylabs_manager - Sending Oxylabs request (attempt 1/3): LORENA MARTINEZ RODRIGUEZ AGUASCALIENTES president...
2025-03-24 12:45:08,687 - INFO - scrapers.oxylabs_manager - Oxylabs API request successful for: LORENA MARTINEZ RODRIGUEZ AGUASCALIENTES president...
2025-03-24 12:45:08,688 - INFO - scrapers.oxylabs_manager - Received 1 result pages from Oxylabs
2025-03-24 12:45:08,689 - INFO - scrapers.oxylabs_manager - Extracted 1 search results from Oxylabs API
2025-03-24 12:45:08,694 - INFO - scrapers.search_engine - Found 1 results for query: LORENA MARTINEZ RODRIGUEZ AGUASCALIENTES president...
2025-03-24 12:45:09,731 - INFO - scrapers.oxylabs_manager - Sending Oxylabs request (attempt 1/3): candidato LORENA MARTINEZ RODRIGUEZ AGUASCALIENTES...
2025-03-24 12:45:12,214 - INFO - scrapers.oxylabs_manager - Oxylabs API request successful for: candidato LORENA MARTINEZ RODRIGUEZ AGUASCALIENTES...
2025-03-24 12:45:12,215 - INFO - scrapers.oxylabs_manager - Received 1 result pages from Oxylabs
2025-03-24 12:45:12,217 - INFO - scrapers.oxylabs_manager - Extracted 1 search results from Oxylabs API
2025-03-24 12:45:12,222 - INFO - scrapers.search_engine - Found 1 results for query: candidato LORENA MARTINEZ RODRIGUEZ AGUASCALIENTES...
2025-03-24 12:45:13,658 - INFO - scrapers.oxylabs_manager - Sending Oxylabs request (attempt 1/3): presidente municipal LORENA MARTINEZ RODRIGUEZ AGU...
2025-03-24 12:45:15,897 - INFO - scrapers.oxylabs_manager - Oxylabs API request successful for: presidente municipal LORENA MARTINEZ RODRIGUEZ AGU...
2025-03-24 12:45:15,898 - INFO - scrapers.oxylabs_manager - Received 1 result pages from Oxylabs
2025-03-24 12:45:15,899 - INFO - scrapers.oxylabs_manager - Extracted 1 search results from Oxylabs API
2025-03-24 12:45:15,902 - INFO - scrapers.search_engine - Found 1 results for query: presidente municipal LORENA MARTINEZ RODRIGUEZ AGU...
2025-03-24 12:45:16,777 - INFO - scrapers.oxylabs_manager - Sending Oxylabs request (attempt 1/3): LORENA MARTINEZ RODRIGUEZ AGUASCALIENTES AXTB 2011...
2025-03-24 12:45:19,668 - INFO - scrapers.oxylabs_manager - Oxylabs API request successful for: LORENA MARTINEZ RODRIGUEZ AGUASCALIENTES AXTB 2011...
2025-03-24 12:45:19,669 - INFO - scrapers.oxylabs_manager - Received 1 result pages from Oxylabs
2025-03-24 12:45:19,670 - INFO - scrapers.oxylabs_manager - Extracted 1 search results from Oxylabs API
2025-03-24 12:45:19,674 - INFO - scrapers.search_engine - Found 1 results for query: LORENA MARTINEZ RODRIGUEZ AGUASCALIENTES AXTB 2011...
2025-03-24 12:45:20,547 - INFO - scrapers.oxylabs_manager - Sending Oxylabs request (attempt 1/3): LORENA MARTINEZ RODRIGUEZ candidato AXTB AGUASCALI...
2025-03-24 12:45:22,874 - INFO - scrapers.oxylabs_manager - Oxylabs API request successful for: LORENA MARTINEZ RODRIGUEZ candidato AXTB AGUASCALI...
2025-03-24 12:45:22,875 - INFO - scrapers.oxylabs_manager - Received 1 result pages from Oxylabs
2025-03-24 12:45:22,877 - INFO - scrapers.oxylabs_manager - Extracted 1 search results from Oxylabs API
2025-03-24 12:45:22,882 - INFO - scrapers.search_engine - Found 1 results for query: LORENA MARTINEZ RODRIGUEZ candidato AXTB AGUASCALI...
2025-03-24 12:45:24,050 - INFO - scrapers.oxylabs_manager - Sending Oxylabs request (attempt 1/3): LORENA RODRIGUEZ AGUASCALIENTES 2011...
2025-03-24 12:45:26,908 - INFO - scrapers.oxylabs_manager - Oxylabs API request successful for: LORENA RODRIGUEZ AGUASCALIENTES 2011...
2025-03-24 12:45:26,909 - INFO - scrapers.oxylabs_manager - Received 1 result pages from Oxylabs
2025-03-24 12:45:26,911 - INFO - scrapers.oxylabs_manager - Extracted 1 search results from Oxylabs API
2025-03-24 12:45:26,913 - INFO - scrapers.search_engine - Found 1 results for query: LORENA RODRIGUEZ AGUASCALIENTES 2011...
2025-03-24 12:45:27,583 - INFO - scrapers.oxylabs_manager - Sending Oxylabs request (attempt 1/3): LORENA MARTINEZ RODRIGUEZ AXTB AGUASCALIENTES 2011...
2025-03-24 12:45:30,359 - INFO - scrapers.oxylabs_manager - Oxylabs API request successful for: LORENA MARTINEZ RODRIGUEZ AXTB AGUASCALIENTES 2011...
2025-03-24 12:45:30,360 - INFO - scrapers.oxylabs_manager - Received 1 result pages from Oxylabs
2025-03-24 12:45:30,361 - INFO - scrapers.oxylabs_manager - Extracted 1 search results from Oxylabs API
2025-03-24 12:45:30,364 - INFO - scrapers.search_engine - Found 1 results for query: LORENA MARTINEZ RODRIGUEZ AXTB AGUASCALIENTES 2011...
2025-03-24 12:45:30,880 - INFO - scrapers.oxylabs_manager - Sending Oxylabs request (attempt 1/3): LORENA MARTINEZ RODRIGUEZ AGUASCALIENTES campaña e...
2025-03-24 12:45:34,150 - INFO - scrapers.oxylabs_manager - Oxylabs API request successful for: LORENA MARTINEZ RODRIGUEZ AGUASCALIENTES campaña e...
2025-03-24 12:45:34,152 - INFO - scrapers.oxylabs_manager - Received 1 result pages from Oxylabs
2025-03-24 12:45:34,153 - INFO - scrapers.oxylabs_manager - Extracted 1 search results from Oxylabs API
2025-03-24 12:45:34,159 - INFO - scrapers.search_engine - Found 1 results for query: LORENA MARTINEZ RODRIGUEZ AGUASCALIENTES campaña e...
2025-03-24 12:45:35,397 - INFO - scrapers.oxylabs_manager - Sending Oxylabs request (attempt 1/3): LORENA MARTINEZ RODRIGUEZ AGUASCALIENTES candidatu...
2025-03-24 12:45:38,264 - INFO - scrapers.oxylabs_manager - Oxylabs API request successful for: LORENA MARTINEZ RODRIGUEZ AGUASCALIENTES candidatu...
2025-03-24 12:45:38,267 - INFO - scrapers.oxylabs_manager - Received 1 result pages from Oxylabs
2025-03-24 12:45:38,269 - INFO - scrapers.oxylabs_manager - Extracted 1 search results from Oxylabs API
2025-03-24 12:45:38,274 - INFO - scrapers.search_engine - Found 1 results for query: LORENA MARTINEZ RODRIGUEZ AGUASCALIENTES candidatu...
2025-03-24 12:45:38,868 - INFO - scrapers.oxylabs_manager - Sending Oxylabs request (attempt 1/3): LORENA MARTINEZ RODRIGUEZ AGUASCALIENTES 2009...
2025-03-24 12:45:41,336 - INFO - scrapers.oxylabs_manager - Oxylabs API request successful for: LORENA MARTINEZ RODRIGUEZ AGUASCALIENTES 2009...
2025-03-24 12:45:41,337 - INFO - scrapers.oxylabs_manager - Received 1 result pages from Oxylabs
2025-03-24 12:45:41,339 - INFO - scrapers.oxylabs_manager - Extracted 1 search results from Oxylabs API
2025-03-24 12:45:41,341 - INFO - scrapers.search_engine - Found 1 results for query: LORENA MARTINEZ RODRIGUEZ AGUASCALIENTES 2009...
2025-03-24 12:45:42,688 - INFO - scrapers.oxylabs_manager - Sending Oxylabs request (attempt 1/3): LORENA MARTINEZ RODRIGUEZ AGUASCALIENTES 2010...
2025-03-24 12:45:45,327 - INFO - scrapers.oxylabs_manager - Oxylabs API request successful for: LORENA MARTINEZ RODRIGUEZ AGUASCALIENTES 2010...
2025-03-24 12:45:45,328 - INFO - scrapers.oxylabs_manager - Received 1 result pages from Oxylabs
2025-03-24 12:45:45,330 - INFO - scrapers.oxylabs_manager - Extracted 1 search results from Oxylabs API
2025-03-24 12:45:45,336 - INFO - scrapers.search_engine - Found 1 results for query: LORENA MARTINEZ RODRIGUEZ AGUASCALIENTES 2010...
2025-03-24 12:45:46,764 - INFO - scrapers.oxylabs_manager - Sending Oxylabs request (attempt 1/3): LORENA MARTINEZ RODRIGUEZ AGUASCALIENTES 2012...
2025-03-24 12:45:50,529 - INFO - scrapers.oxylabs_manager - Oxylabs API request successful for: LORENA MARTINEZ RODRIGUEZ AGUASCALIENTES 2012...
2025-03-24 12:45:50,530 - INFO - scrapers.oxylabs_manager - Received 1 result pages from Oxylabs
2025-03-24 12:45:50,532 - INFO - scrapers.oxylabs_manager - Extracted 1 search results from Oxylabs API
2025-03-24 12:45:50,538 - INFO - scrapers.search_engine - Found 1 results for query: LORENA MARTINEZ RODRIGUEZ AGUASCALIENTES 2012...
2025-03-24 12:45:51,390 - INFO - scrapers.oxylabs_manager - Sending Oxylabs request (attempt 1/3): LORENA MARTINEZ RODRIGUEZ AGUASCALIENTES 2013...
2025-03-24 12:45:53,736 - INFO - scrapers.oxylabs_manager - Oxylabs API request successful for: LORENA MARTINEZ RODRIGUEZ AGUASCALIENTES 2013...
2025-03-24 12:45:53,737 - INFO - scrapers.oxylabs_manager - Received 1 result pages from Oxylabs
2025-03-24 12:45:53,739 - INFO - scrapers.oxylabs_manager - Extracted 1 search results from Oxylabs API
2025-03-24 12:45:53,744 - INFO - scrapers.search_engine - Found 1 results for query: LORENA MARTINEZ RODRIGUEZ AGUASCALIENTES 2013...
2025-03-24 12:45:54,620 - INFO - scrapers.oxylabs_manager - Sending Oxylabs request (attempt 1/3): LORENA MARTINEZ RODRIGUEZ AGUASCALIENTES candidato...
2025-03-24 12:45:56,780 - INFO - scrapers.oxylabs_manager - Oxylabs API request successful for: LORENA MARTINEZ RODRIGUEZ AGUASCALIENTES candidato...
2025-03-24 12:45:56,781 - INFO - scrapers.oxylabs_manager - Received 1 result pages from Oxylabs
2025-03-24 12:45:56,782 - INFO - scrapers.oxylabs_manager - Extracted 1 search results from Oxylabs API
2025-03-24 12:45:56,786 - INFO - scrapers.search_engine - Found 1 results for query: LORENA MARTINEZ RODRIGUEZ AGUASCALIENTES candidato...
2025-03-24 12:45:57,580 - INFO - scrapers.oxylabs_manager - Sending Oxylabs request (attempt 1/3): LORENA MARTINEZ RODRIGUEZ AGUASCALIENTES president...
2025-03-24 12:46:00,257 - INFO - scrapers.oxylabs_manager - Oxylabs API request successful for: LORENA MARTINEZ RODRIGUEZ AGUASCALIENTES president...
2025-03-24 12:46:00,258 - INFO - scrapers.oxylabs_manager - Received 1 result pages from Oxylabs
2025-03-24 12:46:00,260 - INFO - scrapers.oxylabs_manager - Extracted 1 search results from Oxylabs API
2025-03-24 12:46:00,262 - INFO - scrapers.search_engine - Found 1 results for query: LORENA MARTINEZ RODRIGUEZ AGUASCALIENTES president...
2025-03-24 12:46:01,695 - INFO - scrapers.oxylabs_manager - Sending Oxylabs request (attempt 1/3): LORENA MARTINEZ RODRIGUEZ AGUASCALIENTES AGUASCALI...
2025-03-24 12:46:04,066 - INFO - scrapers.oxylabs_manager - Oxylabs API request successful for: LORENA MARTINEZ RODRIGUEZ AGUASCALIENTES AGUASCALI...
2025-03-24 12:46:04,066 - INFO - scrapers.oxylabs_manager - Received 1 result pages from Oxylabs
2025-03-24 12:46:04,068 - INFO - scrapers.oxylabs_manager - Extracted 1 search results from Oxylabs API
2025-03-24 12:46:04,072 - INFO - scrapers.search_engine - Found 1 results for query: LORENA MARTINEZ RODRIGUEZ AGUASCALIENTES AGUASCALI...
2025-03-24 12:46:04,736 - INFO - scrapers.oxylabs_manager - Sending Oxylabs request (attempt 1/3): LORENA M. RODRIGUEZ AGUASCALIENTES 2011...
2025-03-24 12:46:07,661 - INFO - scrapers.oxylabs_manager - Oxylabs API request successful for: LORENA M. RODRIGUEZ AGUASCALIENTES 2011...
2025-03-24 12:46:07,662 - INFO - scrapers.oxylabs_manager - Received 1 result pages from Oxylabs
2025-03-24 12:46:07,664 - INFO - scrapers.oxylabs_manager - Extracted 1 search results from Oxylabs API
2025-03-24 12:46:07,673 - INFO - scrapers.search_engine - Found 1 results for query: LORENA M. RODRIGUEZ AGUASCALIENTES 2011...
2025-03-24 12:46:07,676 - INFO - scrapers.search_engine - Complete search for LORENA MARTINEZ RODRIGUEZ: 18 total results from 1 domains
2025-03-24 12:46:07,677 - INFO - scrapers.search_engine - Proceeding with 10 results for LORENA MARTINEZ RODRIGUEZ
2025-03-24 12:46:08,047 - INFO - scrapers.content_extractor - Using Oxylabs for content extraction: https://www.google.com.mx/search?q=LORENA+MARTINEZ+RODRIGUEZ+AGUASCALIENTES+2011&uule=w+CAIQICIGbWV4aWNv&gl=mx&hl=es&sei=L6jhZ4TNDpWy5OUPntHooAw
2025-03-24 12:46:08,047 - INFO - scrapers.oxylabs_manager - Using Oxylabs Realtime API for content extraction: https://www.google.com.mx/search?q=LORENA+MARTINEZ+RODRIGUEZ+AGUASCALIENTES+2011&uule=w+CAIQICIGbWV4aWNv&gl=mx&hl=es&sei=L6jhZ4TNDpWy5OUPntHooAw
2025-03-24 12:46:08,095 - INFO - scrapers.content_extractor - Using Oxylabs for content extraction: https://www.google.com.mx/search?q=LORENA+MARTINEZ+RODRIGUEZ+candidato+AXTB+AGUASCALIENTES+2011&uule=w+CAIQICIGbWV4aWNv&gl=mx&hl=es
2025-03-24 12:46:08,096 - INFO - scrapers.oxylabs_manager - Using Oxylabs Realtime API for content extraction: https://www.google.com.mx/search?q=LORENA+MARTINEZ+RODRIGUEZ+candidato+AXTB+AGUASCALIENTES+2011&uule=w+CAIQICIGbWV4aWNv&gl=mx&hl=es
2025-03-24 12:46:08,121 - INFO - scrapers.content_extractor - Using Oxylabs for content extraction: https://www.google.com.mx/search?q=LORENA+MARTINEZ+RODRIGUEZ+AGUASCALIENTES+presidente+municipal+2011&uule=w+CAIQICIGbWV4aWNv&gl=mx&hl=es
2025-03-24 12:46:08,121 - INFO - scrapers.oxylabs_manager - Using Oxylabs Realtime API for content extraction: https://www.google.com.mx/search?q=LORENA+MARTINEZ+RODRIGUEZ+AGUASCALIENTES+presidente+municipal+2011&uule=w+CAIQICIGbWV4aWNv&gl=mx&hl=es
2025-03-24 12:46:08,161 - INFO - scrapers.content_extractor - Using Oxylabs for content extraction: https://www.google.com.mx/search?q=LORENA+MARTINEZ+RODRIGUEZ+AGUASCALIENTES+candidatura+2011&uule=w+CAIQICIGbWV4aWNv&gl=mx&hl=es
2025-03-24 12:46:08,161 - INFO - scrapers.oxylabs_manager - Using Oxylabs Realtime API for content extraction: https://www.google.com.mx/search?q=LORENA+MARTINEZ+RODRIGUEZ+AGUASCALIENTES+candidatura+2011&uule=w+CAIQICIGbWV4aWNv&gl=mx&hl=es
2025-03-24 12:46:08,358 - INFO - scrapers.content_extractor - Using Oxylabs for content extraction: https://www.google.com.mx/search?q=LORENA+MARTINEZ+RODRIGUEZ+AXTB+AGUASCALIENTES+2011&uule=w+CAIQICIGbWV4aWNv&gl=mx&hl=es
2025-03-24 12:46:08,358 - INFO - scrapers.oxylabs_manager - Using Oxylabs Realtime API for content extraction: https://www.google.com.mx/search?q=LORENA+MARTINEZ+RODRIGUEZ+AXTB+AGUASCALIENTES+2011&uule=w+CAIQICIGbWV4aWNv&gl=mx&hl=es
2025-03-24 12:46:08,411 - INFO - scrapers.content_extractor - Using Oxylabs for content extraction: https://www.google.com.mx/search?q=presidente+municipal+LORENA+MARTINEZ+RODRIGUEZ+AGUASCALIENTES+2011&uule=w+CAIQICIGbWV4aWNv&gl=mx&hl=es
2025-03-24 12:46:08,411 - INFO - scrapers.oxylabs_manager - Using Oxylabs Realtime API for content extraction: https://www.google.com.mx/search?q=presidente+municipal+LORENA+MARTINEZ+RODRIGUEZ+AGUASCALIENTES+2011&uule=w+CAIQICIGbWV4aWNv&gl=mx&hl=es
2025-03-24 12:46:08,478 - INFO - scrapers.content_extractor - Using Oxylabs for content extraction: https://www.google.com.mx/search?q=LORENA+MARTINEZ+RODRIGUEZ+AGUASCALIENTES+campa%C3%B1a+electoral+2011&uule=w+CAIQICIGbWV4aWNv&gl=mx&hl=es
2025-03-24 12:46:08,478 - INFO - scrapers.oxylabs_manager - Using Oxylabs Realtime API for content extraction: https://www.google.com.mx/search?q=LORENA+MARTINEZ+RODRIGUEZ+AGUASCALIENTES+campa%C3%B1a+electoral+2011&uule=w+CAIQICIGbWV4aWNv&gl=mx&hl=es
2025-03-24 12:46:08,487 - INFO - scrapers.content_extractor - Using Oxylabs for content extraction: https://www.google.com.mx/search?q=LORENA+RODRIGUEZ+AGUASCALIENTES+2011&uule=w+CAIQICIGbWV4aWNv&gl=mx&hl=es
2025-03-24 12:46:08,487 - INFO - scrapers.oxylabs_manager - Using Oxylabs Realtime API for content extraction: https://www.google.com.mx/search?q=LORENA+RODRIGUEZ+AGUASCALIENTES+2011&uule=w+CAIQICIGbWV4aWNv&gl=mx&hl=es
2025-03-24 12:46:08,586 - INFO - scrapers.content_extractor - Using Oxylabs for content extraction: https://www.google.com.mx/search?q=LORENA+MARTINEZ+RODRIGUEZ+AGUASCALIENTES+AXTB+2011&uule=w+CAIQICIGbWV4aWNv&gl=mx&hl=es
2025-03-24 12:46:08,586 - INFO - scrapers.oxylabs_manager - Using Oxylabs Realtime API for content extraction: https://www.google.com.mx/search?q=LORENA+MARTINEZ+RODRIGUEZ+AGUASCALIENTES+AXTB+2011&uule=w+CAIQICIGbWV4aWNv&gl=mx&hl=es
2025-03-24 12:46:08,667 - INFO - scrapers.content_extractor - Using Oxylabs for content extraction: https://www.google.com.mx/search?q=candidato+LORENA+MARTINEZ+RODRIGUEZ+AGUASCALIENTES+2011&uule=w+CAIQICIGbWV4aWNv&gl=mx&hl=es
2025-03-24 12:46:08,668 - INFO - scrapers.oxylabs_manager - Using Oxylabs Realtime API for content extraction: https://www.google.com.mx/search?q=candidato+LORENA+MARTINEZ+RODRIGUEZ+AGUASCALIENTES+2011&uule=w+CAIQICIGbWV4aWNv&gl=mx&hl=es
2025-03-24 12:46:08,687 - WARNING - scrapers.oxylabs_manager - Oxylabs Realtime API error: 400 - {"message":"Provided url is not supported."}
2025-03-24 12:46:08,689 - WARNING - scrapers.oxylabs_manager - Oxylabs Realtime API error: 400 - {"message":"Provided url is not supported."}
2025-03-24 12:46:08,692 - WARNING - scrapers.oxylabs_manager - Oxylabs Realtime API error: 400 - {"message":"Provided url is not supported."}
2025-03-24 12:46:08,692 - WARNING - scrapers.oxylabs_manager - Failed URL: https://www.google.com.mx/search?q=LORENA+MARTINEZ+RODRIGUEZ+AGUASCALIENTES+2011&uule=w+CAIQICIGbWV4aWNv&gl=mx&hl=es&sei=L6jhZ4TNDpWy5OUPntHooAw
2025-03-24 12:46:08,692 - WARNING - scrapers.oxylabs_manager - Failed URL: https://www.google.com.mx/search?q=LORENA+MARTINEZ+RODRIGUEZ+candidato+AXTB+AGUASCALIENTES+2011&uule=w+CAIQICIGbWV4aWNv&gl=mx&hl=es
2025-03-24 12:46:08,693 - WARNING - scrapers.oxylabs_manager - Failed URL: https://www.google.com.mx/search?q=LORENA+MARTINEZ+RODRIGUEZ+AGUASCALIENTES+presidente+municipal+2011&uule=w+CAIQICIGbWV4aWNv&gl=mx&hl=es
2025-03-24 12:46:08,693 - WARNING - scrapers.content_extractor - Oxylabs extraction failed: API error: 400, falling back to direct request
2025-03-24 12:46:08,694 - WARNING - scrapers.content_extractor - Oxylabs extraction failed: API error: 400, falling back to direct request
2025-03-24 12:46:08,694 - WARNING - scrapers.content_extractor - Oxylabs extraction failed: API error: 400, falling back to direct request
2025-03-24 12:46:08,749 - WARNING - scrapers.oxylabs_manager - Oxylabs Realtime API error: 400 - {"message":"Provided url is not supported."}
2025-03-24 12:46:08,749 - WARNING - scrapers.oxylabs_manager - Failed URL: https://www.google.com.mx/search?q=LORENA+MARTINEZ+RODRIGUEZ+AGUASCALIENTES+candidatura+2011&uule=w+CAIQICIGbWV4aWNv&gl=mx&hl=es
2025-03-24 12:46:08,751 - WARNING - scrapers.content_extractor - Oxylabs extraction failed: API error: 400, falling back to direct request
2025-03-24 12:46:08,956 - WARNING - scrapers.oxylabs_manager - Oxylabs Realtime API error: 400 - {"message":"Provided url is not supported."}
2025-03-24 12:46:08,957 - WARNING - scrapers.oxylabs_manager - Failed URL: https://www.google.com.mx/search?q=LORENA+MARTINEZ+RODRIGUEZ+AXTB+AGUASCALIENTES+2011&uule=w+CAIQICIGbWV4aWNv&gl=mx&hl=es
2025-03-24 12:46:08,959 - WARNING - scrapers.content_extractor - Oxylabs extraction failed: API error: 400, falling back to direct request
2025-03-24 12:46:08,976 - WARNING - scrapers.oxylabs_manager - Oxylabs Realtime API error: 400 - {"message":"Provided url is not supported."}
2025-03-24 12:46:08,977 - WARNING - scrapers.oxylabs_manager - Failed URL: https://www.google.com.mx/search?q=presidente+municipal+LORENA+MARTINEZ+RODRIGUEZ+AGUASCALIENTES+2011&uule=w+CAIQICIGbWV4aWNv&gl=mx&hl=es
2025-03-24 12:46:08,978 - WARNING - scrapers.content_extractor - Oxylabs extraction failed: API error: 400, falling back to direct request
2025-03-24 12:46:09,084 - WARNING - scrapers.oxylabs_manager - Oxylabs Realtime API error: 400 - {"message":"Provided url is not supported."}
2025-03-24 12:46:09,084 - WARNING - scrapers.oxylabs_manager - Failed URL: https://www.google.com.mx/search?q=LORENA+RODRIGUEZ+AGUASCALIENTES+2011&uule=w+CAIQICIGbWV4aWNv&gl=mx&hl=es
2025-03-24 12:46:09,085 - WARNING - scrapers.oxylabs_manager - Oxylabs Realtime API error: 400 - {"message":"Provided url is not supported."}
2025-03-24 12:46:09,085 - WARNING - scrapers.content_extractor - Oxylabs extraction failed: API error: 400, falling back to direct request
2025-03-24 12:46:09,086 - WARNING - scrapers.oxylabs_manager - Failed URL: https://www.google.com.mx/search?q=LORENA+MARTINEZ+RODRIGUEZ+AGUASCALIENTES+campa%C3%B1a+electoral+2011&uule=w+CAIQICIGbWV4aWNv&gl=mx&hl=es
2025-03-24 12:46:09,086 - WARNING - scrapers.content_extractor - Oxylabs extraction failed: API error: 400, falling back to direct request
2025-03-24 12:46:09,161 - WARNING - scrapers.oxylabs_manager - Oxylabs Realtime API error: 400 - {"message":"Provided url is not supported."}
2025-03-24 12:46:09,161 - WARNING - scrapers.oxylabs_manager - Failed URL: https://www.google.com.mx/search?q=LORENA+MARTINEZ+RODRIGUEZ+AGUASCALIENTES+AXTB+2011&uule=w+CAIQICIGbWV4aWNv&gl=mx&hl=es
2025-03-24 12:46:09,161 - WARNING - scrapers.content_extractor - Oxylabs extraction failed: API error: 400, falling back to direct request
2025-03-24 12:46:09,252 - WARNING - scrapers.oxylabs_manager - Oxylabs Realtime API error: 400 - {"message":"Provided url is not supported."}
2025-03-24 12:46:09,252 - WARNING - scrapers.oxylabs_manager - Failed URL: https://www.google.com.mx/search?q=candidato+LORENA+MARTINEZ+RODRIGUEZ+AGUASCALIENTES+2011&uule=w+CAIQICIGbWV4aWNv&gl=mx&hl=es
2025-03-24 12:46:09,253 - WARNING - scrapers.content_extractor - Oxylabs extraction failed: API error: 400, falling back to direct request
2025-03-24 12:46:11,989 - WARNING - database.db_manager - Database error updating domain stats for google.com.mx: database is locked
2025-03-24 12:46:11,992 - WARNING - database.db_manager - Database error updating domain stats for google.com.mx: database is locked
2025-03-24 12:46:11,997 - WARNING - database.db_manager - Database error updating domain stats for google.com.mx: database is locked
2025-03-24 12:46:12,154 - WARNING - database.db_manager - Database error updating domain stats for google.com.mx: database is locked
2025-03-24 12:46:12,154 - WARNING - database.db_manager - Database error updating domain stats for google.com.mx: database is locked
2025-03-24 12:46:12,154 - WARNING - database.db_manager - Database error updating domain stats for google.com.mx: database is locked
2025-03-24 12:46:12,387 - INFO - database.db_manager - Batch 1 completed all 1 candidates
2025-03-24 12:46:12,387 - INFO - root - Found 0 articles for LORENA MARTINEZ RODRIGUEZ
2025-03-24 12:46:12,387 - INFO - root - Completed LORENA MARTINEZ RODRIGUEZ with 0 results
2025-03-24 12:46:12,387 - INFO - root - Batch progress: 100.0% (1/1)
2025-03-24 12:46:12,388 - INFO - database.db_manager - Updated batch 1 status to IN_PROGRESS
2025-03-24 12:46:12,389 - INFO - database.db_manager - Updated batch 1 status to COMPLETED
2025-03-24 12:46:12,389 - INFO - root - Batch 1 completed
2025-03-24 12:46:12,389 - INFO - root - Creating candidate profiles...
2025-03-24 12:46:12,389 - WARNING - database.db_manager - No candidates found for profile creation
2025-03-24 12:46:12,390 - INFO - root - Exporting results for batch 1...
2025-03-24 12:46:12,390 - INFO - root - Retrieving articles with minimum relevance of 0.3
2025-03-24 12:46:12,391 - WARNING - root - No results to export
2025-03-24 12:46:12,391 - WARNING - root - No results were exported
2025-03-24 12:46:12,391 - INFO - root - Scraping completed!
2025-03-24 14:05:15,608 - INFO - processing.entity_recognizer - Loaded Spanish spaCy model for entity recognition
2025-03-24 14:05:15,710 - INFO - processing.content_classifier - Loaded Spanish spaCy model for content classification
2025-03-24 14:05:15,754 - INFO - root - Initializing database
2025-03-24 14:05:15,754 - INFO - database.db_manager - Initializing database at /Users/joseperez/Documents/GitHub/candidate_scraper/data/mexican_candidates.db
2025-03-24 14:05:15,755 - INFO - database.db_manager - Database initialized successfully
2025-03-24 14:05:15,755 - INFO - root - Initializing name matcher
2025-03-24 14:05:15,755 - INFO - root - Initializing entity recognizer
2025-03-24 14:05:15,756 - INFO - root - Initializing content classifier
2025-03-24 14:05:15,756 - INFO - root - Initializing Oxylabs
2025-03-24 14:05:15,756 - INFO - scrapers.oxylabs_manager - Initialized OxylabsAPIManager with country=mx, mode=direct
2025-03-24 14:05:15,756 - INFO - root - Initializing search engine
2025-03-24 14:05:15,756 - INFO - root - Creating candidate: LORENA MARTINEZ RODRIGUEZ, AGUASCALIENTES, 2011
2025-03-24 14:05:15,758 - INFO - database.db_manager - Created new batch with ID 2 for 1 candidates
2025-03-24 14:05:15,758 - INFO - root - Running search
2025-03-24 14:05:15,758 - INFO - scrapers.search_engine - Enhanced search for: LORENA MARTINEZ RODRIGUEZ in AGUASCALIENTES, year 2011
2025-03-24 14:05:15,759 - INFO - scrapers.search_engine - Generated 17 search queries for LORENA MARTINEZ RODRIGUEZ
2025-03-24 14:05:15,759 - INFO - scrapers.search_engine - Using cached search results for query: LORENA MARTINEZ RODRIGUEZ AGUASCALIENTES 2011...
2025-03-24 14:05:15,759 - INFO - scrapers.search_engine - Found 1 results for query: LORENA MARTINEZ RODRIGUEZ AGUASCALIENTES 2011...
2025-03-24 14:05:17,029 - INFO - scrapers.search_engine - Using cached search results for query: LORENA MARTINEZ RODRIGUEZ AGUASCALIENTES president...
2025-03-24 14:05:17,030 - INFO - scrapers.search_engine - Found 1 results for query: LORENA MARTINEZ RODRIGUEZ AGUASCALIENTES president...
2025-03-24 14:05:18,126 - INFO - scrapers.search_engine - Using cached search results for query: candidato LORENA MARTINEZ RODRIGUEZ AGUASCALIENTES...
2025-03-24 14:05:18,126 - INFO - scrapers.search_engine - Found 1 results for query: candidato LORENA MARTINEZ RODRIGUEZ AGUASCALIENTES...
2025-03-24 14:05:19,009 - INFO - scrapers.search_engine - Using cached search results for query: presidente municipal LORENA MARTINEZ RODRIGUEZ AGU...
2025-03-24 14:05:19,009 - INFO - scrapers.search_engine - Found 1 results for query: presidente municipal LORENA MARTINEZ RODRIGUEZ AGU...
2025-03-24 14:05:19,540 - INFO - scrapers.search_engine - Using cached search results for query: LORENA MARTINEZ RODRIGUEZ AGUASCALIENTES AXTB 2011...
2025-03-24 14:05:19,541 - INFO - scrapers.search_engine - Found 1 results for query: LORENA MARTINEZ RODRIGUEZ AGUASCALIENTES AXTB 2011...
2025-03-24 14:05:20,983 - INFO - scrapers.search_engine - Using cached search results for query: LORENA MARTINEZ RODRIGUEZ candidato AXTB AGUASCALI...
2025-03-24 14:05:20,983 - INFO - scrapers.search_engine - Found 1 results for query: LORENA MARTINEZ RODRIGUEZ candidato AXTB AGUASCALI...
2025-03-24 14:05:22,409 - INFO - scrapers.search_engine - Using cached search results for query: LORENA RODRIGUEZ AGUASCALIENTES 2011...
2025-03-24 14:05:22,410 - INFO - scrapers.search_engine - Found 1 results for query: LORENA RODRIGUEZ AGUASCALIENTES 2011...
2025-03-24 14:05:23,516 - INFO - scrapers.search_engine - Using cached search results for query: LORENA MARTINEZ RODRIGUEZ AXTB AGUASCALIENTES 2011...
2025-03-24 14:05:23,517 - INFO - scrapers.search_engine - Found 1 results for query: LORENA MARTINEZ RODRIGUEZ AXTB AGUASCALIENTES 2011...
2025-03-24 14:05:24,771 - INFO - scrapers.oxylabs_manager - Sending Oxylabs request (attempt 1/3): LORENA MARTINEZ RODRIGUEZ AGUASCALIENTES voto 2011...
2025-03-24 14:05:30,204 - INFO - scrapers.oxylabs_manager - Oxylabs API request successful for: LORENA MARTINEZ RODRIGUEZ AGUASCALIENTES voto 2011...
2025-03-24 14:05:30,206 - INFO - scrapers.oxylabs_manager - Received 1 result pages from Oxylabs
2025-03-24 14:05:30,207 - ERROR - scrapers.oxylabs_manager - Error parsing Oxylabs results: OxylabsAPIManager._extract_urls_recursively() got an unexpected keyword argument 'seen_urls'
2025-03-24 14:05:30,209 - INFO - scrapers.search_engine - No results found for query: LORENA MARTINEZ RODRIGUEZ AGUASCALIENTES voto 2011...
2025-03-24 14:05:31,242 - INFO - scrapers.search_engine - Using cached search results for query: LORENA MARTINEZ RODRIGUEZ AGUASCALIENTES campaña e...
2025-03-24 14:05:31,243 - INFO - scrapers.search_engine - Found 1 results for query: LORENA MARTINEZ RODRIGUEZ AGUASCALIENTES campaña e...
2025-03-24 14:05:32,180 - INFO - scrapers.search_engine - Using cached search results for query: LORENA MARTINEZ RODRIGUEZ AGUASCALIENTES 2009...
2025-03-24 14:05:32,180 - INFO - scrapers.search_engine - Found 1 results for query: LORENA MARTINEZ RODRIGUEZ AGUASCALIENTES 2009...
2025-03-24 14:05:33,687 - INFO - scrapers.search_engine - Using cached search results for query: LORENA MARTINEZ RODRIGUEZ AGUASCALIENTES 2010...
2025-03-24 14:05:33,688 - INFO - scrapers.search_engine - Found 1 results for query: LORENA MARTINEZ RODRIGUEZ AGUASCALIENTES 2010...
2025-03-24 14:05:34,674 - INFO - scrapers.search_engine - Using cached search results for query: LORENA MARTINEZ RODRIGUEZ AGUASCALIENTES 2012...
2025-03-24 14:05:34,674 - INFO - scrapers.search_engine - Found 1 results for query: LORENA MARTINEZ RODRIGUEZ AGUASCALIENTES 2012...
2025-03-24 14:05:35,329 - INFO - scrapers.search_engine - Using cached search results for query: LORENA MARTINEZ RODRIGUEZ AGUASCALIENTES 2013...
2025-03-24 14:05:35,329 - INFO - scrapers.search_engine - Found 1 results for query: LORENA MARTINEZ RODRIGUEZ AGUASCALIENTES 2013...
2025-03-24 14:05:36,392 - INFO - scrapers.search_engine - Using cached search results for query: LORENA MARTINEZ RODRIGUEZ AGUASCALIENTES candidato...
2025-03-24 14:05:36,392 - INFO - scrapers.search_engine - Found 1 results for query: LORENA MARTINEZ RODRIGUEZ AGUASCALIENTES candidato...
2025-03-24 14:05:36,951 - INFO - scrapers.search_engine - Using cached search results for query: LORENA MARTINEZ RODRIGUEZ AGUASCALIENTES president...
2025-03-24 14:05:36,951 - INFO - scrapers.search_engine - Found 1 results for query: LORENA MARTINEZ RODRIGUEZ AGUASCALIENTES president...
2025-03-24 14:05:38,323 - INFO - scrapers.search_engine - Using cached search results for query: LORENA M. RODRIGUEZ AGUASCALIENTES 2011...
2025-03-24 14:05:38,323 - INFO - scrapers.search_engine - Found 1 results for query: LORENA M. RODRIGUEZ AGUASCALIENTES 2011...
2025-03-24 14:05:38,326 - INFO - scrapers.search_engine - Complete search for LORENA MARTINEZ RODRIGUEZ: 16 total results from 1 domains
2025-03-24 14:05:38,326 - INFO - scrapers.search_engine - Proceeding with 10 results for LORENA MARTINEZ RODRIGUEZ
2025-03-24 14:05:38,328 - INFO - scrapers.search_engine - Filtered 10 search results to 0 valid URLs (skipped 10)
2025-03-24 14:05:38,328 - WARNING - scrapers.search_engine - All search results were filtered out for LORENA MARTINEZ RODRIGUEZ
2025-03-24 14:05:38,330 - INFO - database.db_manager - Batch 2 completed all 1 candidates
2025-03-24 14:05:38,331 - INFO - root - Test completed successfully. Found 0 articles.
2025-03-24 14:09:54,396 - INFO - processing.entity_recognizer - Loaded Spanish spaCy model for entity recognition
2025-03-24 14:09:54,500 - INFO - processing.content_classifier - Loaded Spanish spaCy model for content classification
2025-03-24 14:09:54,533 - INFO - root - Initializing database
2025-03-24 14:09:54,533 - INFO - database.db_manager - Initializing database at /Users/joseperez/Documents/GitHub/candidate_scraper/data/mexican_candidates.db
2025-03-24 14:09:54,534 - INFO - database.db_manager - Database initialized successfully
2025-03-24 14:09:54,534 - INFO - root - Initializing name matcher
2025-03-24 14:09:54,534 - INFO - root - Initializing entity recognizer
2025-03-24 14:09:54,535 - INFO - root - Initializing content classifier
2025-03-24 14:09:54,535 - INFO - root - Initializing Oxylabs
2025-03-24 14:09:54,535 - INFO - scrapers.oxylabs_manager - Initialized OxylabsAPIManager with country=mx, mode=direct
2025-03-24 14:09:54,535 - INFO - root - Initializing search engine
2025-03-24 14:09:54,535 - INFO - root - Creating candidate: LORENA MARTINEZ RODRIGUEZ, AGUASCALIENTES, 2011
2025-03-24 14:09:54,536 - INFO - database.db_manager - Created new batch with ID 3 for 1 candidates
2025-03-24 14:09:54,536 - INFO - root - Running search
2025-03-24 14:09:54,536 - INFO - scrapers.search_engine - Enhanced search for: LORENA MARTINEZ RODRIGUEZ in AGUASCALIENTES, year 2011
2025-03-24 14:09:54,537 - INFO - scrapers.search_engine - Generated 17 search queries for LORENA MARTINEZ RODRIGUEZ
2025-03-24 14:09:54,538 - INFO - scrapers.search_engine - Using cached search results for query: LORENA MARTINEZ RODRIGUEZ AGUASCALIENTES 2011...
2025-03-24 14:09:54,538 - INFO - scrapers.search_engine - Found 1 results for query: LORENA MARTINEZ RODRIGUEZ AGUASCALIENTES 2011...
2025-03-24 14:09:55,805 - INFO - scrapers.search_engine - Using cached search results for query: LORENA MARTINEZ RODRIGUEZ AGUASCALIENTES president...
2025-03-24 14:09:55,806 - INFO - scrapers.search_engine - Found 1 results for query: LORENA MARTINEZ RODRIGUEZ AGUASCALIENTES president...
2025-03-24 14:09:57,294 - INFO - scrapers.search_engine - Using cached search results for query: candidato LORENA MARTINEZ RODRIGUEZ AGUASCALIENTES...
2025-03-24 14:09:57,295 - INFO - scrapers.search_engine - Found 1 results for query: candidato LORENA MARTINEZ RODRIGUEZ AGUASCALIENTES...
2025-03-24 14:09:57,928 - INFO - scrapers.search_engine - Using cached search results for query: presidente municipal LORENA MARTINEZ RODRIGUEZ AGU...
2025-03-24 14:09:57,928 - INFO - scrapers.search_engine - Found 1 results for query: presidente municipal LORENA MARTINEZ RODRIGUEZ AGU...
2025-03-24 14:09:58,830 - INFO - scrapers.search_engine - Using cached search results for query: LORENA MARTINEZ RODRIGUEZ AGUASCALIENTES AXTB 2011...
2025-03-24 14:09:58,830 - INFO - scrapers.search_engine - Found 1 results for query: LORENA MARTINEZ RODRIGUEZ AGUASCALIENTES AXTB 2011...
2025-03-24 14:09:59,971 - INFO - scrapers.search_engine - Using cached search results for query: LORENA MARTINEZ RODRIGUEZ candidato AXTB AGUASCALI...
2025-03-24 14:09:59,971 - INFO - scrapers.search_engine - Found 1 results for query: LORENA MARTINEZ RODRIGUEZ candidato AXTB AGUASCALI...
2025-03-24 14:10:00,674 - INFO - scrapers.search_engine - Using cached search results for query: LORENA RODRIGUEZ AGUASCALIENTES 2011...
2025-03-24 14:10:00,675 - INFO - scrapers.search_engine - Found 1 results for query: LORENA RODRIGUEZ AGUASCALIENTES 2011...
2025-03-24 14:10:01,348 - INFO - scrapers.search_engine - Using cached search results for query: LORENA MARTINEZ RODRIGUEZ AXTB AGUASCALIENTES 2011...
2025-03-24 14:10:01,348 - INFO - scrapers.search_engine - Found 1 results for query: LORENA MARTINEZ RODRIGUEZ AXTB AGUASCALIENTES 2011...
2025-03-24 14:10:01,914 - INFO - scrapers.search_engine - Using cached search results for query: LORENA MARTINEZ RODRIGUEZ AGUASCALIENTES campaña e...
2025-03-24 14:10:01,914 - INFO - scrapers.search_engine - Found 1 results for query: LORENA MARTINEZ RODRIGUEZ AGUASCALIENTES campaña e...
2025-03-24 14:10:03,115 - INFO - scrapers.search_engine - Using cached search results for query: LORENA MARTINEZ RODRIGUEZ AGUASCALIENTES candidatu...
2025-03-24 14:10:03,116 - INFO - scrapers.search_engine - Found 1 results for query: LORENA MARTINEZ RODRIGUEZ AGUASCALIENTES candidatu...
2025-03-24 14:10:03,903 - INFO - scrapers.search_engine - Using cached search results for query: LORENA MARTINEZ RODRIGUEZ AGUASCALIENTES 2009...
2025-03-24 14:10:03,903 - INFO - scrapers.search_engine - Found 1 results for query: LORENA MARTINEZ RODRIGUEZ AGUASCALIENTES 2009...
2025-03-24 14:10:05,044 - INFO - scrapers.search_engine - Using cached search results for query: LORENA MARTINEZ RODRIGUEZ AGUASCALIENTES 2010...
2025-03-24 14:10:05,045 - INFO - scrapers.search_engine - Found 1 results for query: LORENA MARTINEZ RODRIGUEZ AGUASCALIENTES 2010...
2025-03-24 14:10:06,390 - INFO - scrapers.search_engine - Using cached search results for query: LORENA MARTINEZ RODRIGUEZ AGUASCALIENTES 2012...
2025-03-24 14:10:06,390 - INFO - scrapers.search_engine - Found 1 results for query: LORENA MARTINEZ RODRIGUEZ AGUASCALIENTES 2012...
2025-03-24 14:10:07,136 - INFO - scrapers.search_engine - Using cached search results for query: LORENA MARTINEZ RODRIGUEZ AGUASCALIENTES 2013...
2025-03-24 14:10:07,137 - INFO - scrapers.search_engine - Found 1 results for query: LORENA MARTINEZ RODRIGUEZ AGUASCALIENTES 2013...
2025-03-24 14:10:08,296 - INFO - scrapers.search_engine - Using cached search results for query: LORENA MARTINEZ RODRIGUEZ AGUASCALIENTES candidato...
2025-03-24 14:10:08,297 - INFO - scrapers.search_engine - Found 1 results for query: LORENA MARTINEZ RODRIGUEZ AGUASCALIENTES candidato...
2025-03-24 14:10:08,971 - INFO - scrapers.search_engine - Using cached search results for query: LORENA MARTINEZ RODRIGUEZ AGUASCALIENTES president...
2025-03-24 14:10:08,972 - INFO - scrapers.search_engine - Found 1 results for query: LORENA MARTINEZ RODRIGUEZ AGUASCALIENTES president...
2025-03-24 14:10:09,865 - INFO - scrapers.search_engine - Using cached search results for query: LORENA M. RODRIGUEZ AGUASCALIENTES 2011...
2025-03-24 14:10:09,866 - INFO - scrapers.search_engine - Found 1 results for query: LORENA M. RODRIGUEZ AGUASCALIENTES 2011...
2025-03-24 14:10:09,870 - INFO - scrapers.search_engine - Complete search for LORENA MARTINEZ RODRIGUEZ: 17 total results from 1 domains
2025-03-24 14:10:09,870 - INFO - scrapers.search_engine - Proceeding with 10 results for LORENA MARTINEZ RODRIGUEZ
2025-03-24 14:10:09,877 - INFO - scrapers.search_engine - Filtered 10 search results to 0 valid URLs (skipped 10)
2025-03-24 14:10:09,878 - WARNING - scrapers.search_engine - All search results were filtered out for LORENA MARTINEZ RODRIGUEZ
2025-03-24 14:10:09,881 - INFO - database.db_manager - Batch 3 completed all 1 candidates
2025-03-24 14:10:09,884 - INFO - root - Test completed successfully. Found 0 articles.
2025-03-24 14:14:47,755 - INFO - processing.entity_recognizer - Loaded Spanish spaCy model for entity recognition
2025-03-24 14:14:47,859 - INFO - processing.content_classifier - Loaded Spanish spaCy model for content classification
2025-03-24 14:14:47,892 - INFO - root - Initializing database
2025-03-24 14:14:47,892 - INFO - database.db_manager - Initializing database at /Users/joseperez/Documents/GitHub/candidate_scraper/data/mexican_candidates.db
2025-03-24 14:14:47,893 - INFO - database.db_manager - Database initialized successfully
2025-03-24 14:14:47,893 - INFO - root - Initializing name matcher
2025-03-24 14:14:47,893 - INFO - root - Initializing entity recognizer
2025-03-24 14:14:47,894 - INFO - root - Initializing content classifier
2025-03-24 14:14:47,894 - INFO - root - Initializing Oxylabs
2025-03-24 14:14:47,894 - INFO - scrapers.oxylabs_manager - Initialized OxylabsAPIManager with country=mx, mode=direct
2025-03-24 14:14:47,894 - INFO - root - Initializing search engine
2025-03-24 14:14:47,894 - INFO - root - Creating candidate: LORENA MARTINEZ RODRIGUEZ, AGUASCALIENTES, 2011
2025-03-24 14:14:47,896 - INFO - database.db_manager - Created new batch with ID 4 for 1 candidates
2025-03-24 14:14:47,896 - INFO - root - Running search
2025-03-24 14:14:47,896 - INFO - scrapers.search_engine - Enhanced search for: LORENA MARTINEZ RODRIGUEZ in AGUASCALIENTES, year 2011
2025-03-24 14:14:47,896 - INFO - scrapers.search_engine - Generated 17 search queries for LORENA MARTINEZ RODRIGUEZ
2025-03-24 14:14:47,897 - INFO - scrapers.search_engine - Using cached search results for query: LORENA MARTINEZ RODRIGUEZ AGUASCALIENTES 2011...
2025-03-24 14:14:47,897 - INFO - scrapers.search_engine - Found 1 results for query: LORENA MARTINEZ RODRIGUEZ AGUASCALIENTES 2011...
2025-03-24 14:14:49,166 - INFO - scrapers.search_engine - Using cached search results for query: LORENA MARTINEZ RODRIGUEZ AGUASCALIENTES president...
2025-03-24 14:14:49,167 - INFO - scrapers.search_engine - Found 1 results for query: LORENA MARTINEZ RODRIGUEZ AGUASCALIENTES president...
2025-03-24 14:14:50,190 - INFO - scrapers.search_engine - Using cached search results for query: candidato LORENA MARTINEZ RODRIGUEZ AGUASCALIENTES...
2025-03-24 14:14:50,190 - INFO - scrapers.search_engine - Found 1 results for query: candidato LORENA MARTINEZ RODRIGUEZ AGUASCALIENTES...
2025-03-24 14:14:50,854 - INFO - scrapers.search_engine - Using cached search results for query: presidente municipal LORENA MARTINEZ RODRIGUEZ AGU...
2025-03-24 14:14:50,855 - INFO - scrapers.search_engine - Found 1 results for query: presidente municipal LORENA MARTINEZ RODRIGUEZ AGU...
2025-03-24 14:14:51,673 - INFO - scrapers.search_engine - Using cached search results for query: LORENA MARTINEZ RODRIGUEZ AGUASCALIENTES AXTB 2011...
2025-03-24 14:14:51,674 - INFO - scrapers.search_engine - Found 1 results for query: LORENA MARTINEZ RODRIGUEZ AGUASCALIENTES AXTB 2011...
2025-03-24 14:14:52,282 - INFO - scrapers.search_engine - Using cached search results for query: LORENA MARTINEZ RODRIGUEZ candidato AXTB AGUASCALI...
2025-03-24 14:14:52,282 - INFO - scrapers.search_engine - Found 1 results for query: LORENA MARTINEZ RODRIGUEZ candidato AXTB AGUASCALI...
2025-03-24 14:14:52,932 - INFO - scrapers.search_engine - Using cached search results for query: LORENA RODRIGUEZ AGUASCALIENTES 2011...
2025-03-24 14:14:52,932 - INFO - scrapers.search_engine - Found 1 results for query: LORENA RODRIGUEZ AGUASCALIENTES 2011...
2025-03-24 14:14:53,951 - INFO - scrapers.search_engine - Using cached search results for query: LORENA MARTINEZ RODRIGUEZ AXTB AGUASCALIENTES 2011...
2025-03-24 14:14:53,952 - INFO - scrapers.search_engine - Found 1 results for query: LORENA MARTINEZ RODRIGUEZ AXTB AGUASCALIENTES 2011...
2025-03-24 14:14:55,355 - INFO - scrapers.search_engine - Using cached search results for query: LORENA MARTINEZ RODRIGUEZ AGUASCALIENTES campaña e...
2025-03-24 14:14:55,355 - INFO - scrapers.search_engine - Found 1 results for query: LORENA MARTINEZ RODRIGUEZ AGUASCALIENTES campaña e...
2025-03-24 14:14:56,464 - INFO - scrapers.oxylabs_manager - Sending Oxylabs request (attempt 1/3): LORENA MARTINEZ RODRIGUEZ AGUASCALIENTES voto 2011...
2025-03-24 14:15:02,583 - INFO - scrapers.oxylabs_manager - Oxylabs API request successful for: LORENA MARTINEZ RODRIGUEZ AGUASCALIENTES voto 2011...
2025-03-24 14:15:02,585 - INFO - scrapers.oxylabs_manager - Received 1 result pages from Oxylabs
2025-03-24 14:15:02,586 - ERROR - scrapers.oxylabs_manager - Error parsing Oxylabs results: OxylabsAPIManager._extract_urls_recursively() got an unexpected keyword argument 'seen_urls'
2025-03-24 14:15:02,587 - INFO - scrapers.search_engine - No results found for query: LORENA MARTINEZ RODRIGUEZ AGUASCALIENTES voto 2011...
2025-03-24 14:15:03,225 - INFO - scrapers.search_engine - Using cached search results for query: LORENA MARTINEZ RODRIGUEZ AGUASCALIENTES 2009...
2025-03-24 14:15:03,226 - INFO - scrapers.search_engine - Found 1 results for query: LORENA MARTINEZ RODRIGUEZ AGUASCALIENTES 2009...
2025-03-24 14:15:04,018 - INFO - scrapers.search_engine - Using cached search results for query: LORENA MARTINEZ RODRIGUEZ AGUASCALIENTES 2010...
2025-03-24 14:15:04,019 - INFO - scrapers.search_engine - Found 1 results for query: LORENA MARTINEZ RODRIGUEZ AGUASCALIENTES 2010...
2025-03-24 14:15:05,201 - INFO - scrapers.search_engine - Using cached search results for query: LORENA MARTINEZ RODRIGUEZ AGUASCALIENTES 2012...
2025-03-24 14:15:05,201 - INFO - scrapers.search_engine - Found 1 results for query: LORENA MARTINEZ RODRIGUEZ AGUASCALIENTES 2012...
2025-03-24 14:15:06,215 - INFO - scrapers.search_engine - Using cached search results for query: LORENA MARTINEZ RODRIGUEZ AGUASCALIENTES 2013...
2025-03-24 14:15:06,216 - INFO - scrapers.search_engine - Found 1 results for query: LORENA MARTINEZ RODRIGUEZ AGUASCALIENTES 2013...
2025-03-24 14:15:07,057 - INFO - scrapers.search_engine - Using cached search results for query: LORENA MARTINEZ RODRIGUEZ AGUASCALIENTES candidato...
2025-03-24 14:15:07,058 - INFO - scrapers.search_engine - Found 1 results for query: LORENA MARTINEZ RODRIGUEZ AGUASCALIENTES candidato...
2025-03-24 14:15:07,722 - INFO - scrapers.search_engine - Using cached search results for query: LORENA MARTINEZ RODRIGUEZ AGUASCALIENTES president...
2025-03-24 14:15:07,723 - INFO - scrapers.search_engine - Found 1 results for query: LORENA MARTINEZ RODRIGUEZ AGUASCALIENTES president...
2025-03-24 14:15:09,143 - INFO - scrapers.search_engine - Using cached search results for query: LORENA M. RODRIGUEZ AGUASCALIENTES 2011...
2025-03-24 14:15:09,143 - INFO - scrapers.search_engine - Found 1 results for query: LORENA M. RODRIGUEZ AGUASCALIENTES 2011...
2025-03-24 14:15:09,146 - INFO - scrapers.search_engine - Complete search for LORENA MARTINEZ RODRIGUEZ: 16 total results from 1 domains
2025-03-24 14:15:09,146 - INFO - scrapers.search_engine - Proceeding with 10 results for LORENA MARTINEZ RODRIGUEZ
2025-03-24 14:15:09,151 - WARNING - scrapers.search_engine - All results would be filtered. Retaining some results as fallback.
2025-03-24 14:15:09,151 - INFO - scrapers.search_engine - Filtered 10 search results to 0 valid URLs (skipped 10)
2025-03-24 14:15:09,152 - INFO - scrapers.search_engine - Filter reasons: {'search_page': 10, 'blacklisted': 0, 'empty_url': 0}
2025-03-24 14:15:09,152 - WARNING - scrapers.search_engine - All search results were filtered out for LORENA MARTINEZ RODRIGUEZ
2025-03-24 14:15:09,154 - INFO - database.db_manager - Batch 4 completed all 1 candidates
2025-03-24 14:15:09,157 - INFO - root - Test completed successfully. Found 0 articles.
2025-03-24 14:27:18,540 - INFO - processing.entity_recognizer - Loaded Spanish spaCy model for entity recognition
2025-03-24 14:27:18,643 - INFO - processing.content_classifier - Loaded Spanish spaCy model for content classification
2025-03-24 14:27:18,695 - INFO - root - Initializing database
2025-03-24 14:27:18,695 - INFO - database.db_manager - Initializing database at /Users/joseperez/Documents/GitHub/candidate_scraper/data/mexican_candidates.db
2025-03-24 14:27:18,698 - INFO - database.db_manager - Database initialized successfully
2025-03-24 14:27:18,698 - INFO - root - Initializing name matcher
2025-03-24 14:27:18,698 - INFO - root - Initializing entity recognizer
2025-03-24 14:27:18,699 - INFO - root - Initializing content classifier
2025-03-24 14:27:18,699 - INFO - root - Initializing Oxylabs
2025-03-24 14:27:18,699 - INFO - scrapers.oxylabs_manager - Initialized OxylabsAPIManager with country=mx, mode=direct
2025-03-24 14:27:18,699 - INFO - root - Initializing search engine
2025-03-24 14:27:18,700 - INFO - root - Creating candidate: LORENA MARTINEZ RODRIGUEZ, AGUASCALIENTES, 2011
2025-03-24 14:27:18,701 - INFO - database.db_manager - Created new batch with ID 5 for 1 candidates
2025-03-24 14:27:18,701 - INFO - root - Running search
2025-03-24 14:27:18,701 - INFO - scrapers.search_engine - Enhanced search for: LORENA MARTINEZ RODRIGUEZ in AGUASCALIENTES, year 2011
2025-03-24 14:27:18,702 - INFO - scrapers.search_engine - Generated 17 search queries for LORENA MARTINEZ RODRIGUEZ
2025-03-24 14:27:18,703 - INFO - scrapers.search_engine - Using cached search results for query: LORENA MARTINEZ RODRIGUEZ AGUASCALIENTES 2011...
2025-03-24 14:27:18,703 - INFO - scrapers.search_engine - Found 1 results for query: LORENA MARTINEZ RODRIGUEZ AGUASCALIENTES 2011...
2025-03-24 14:27:20,196 - INFO - scrapers.search_engine - Using cached search results for query: LORENA MARTINEZ RODRIGUEZ AGUASCALIENTES president...
2025-03-24 14:27:20,197 - INFO - scrapers.search_engine - Found 1 results for query: LORENA MARTINEZ RODRIGUEZ AGUASCALIENTES president...
2025-03-24 14:27:21,332 - INFO - scrapers.search_engine - Using cached search results for query: candidato LORENA MARTINEZ RODRIGUEZ AGUASCALIENTES...
2025-03-24 14:27:21,332 - INFO - scrapers.search_engine - Found 1 results for query: candidato LORENA MARTINEZ RODRIGUEZ AGUASCALIENTES...
2025-03-24 14:27:22,113 - INFO - scrapers.search_engine - Using cached search results for query: presidente municipal LORENA MARTINEZ RODRIGUEZ AGU...
2025-03-24 14:27:22,113 - INFO - scrapers.search_engine - Found 1 results for query: presidente municipal LORENA MARTINEZ RODRIGUEZ AGU...
2025-03-24 14:27:23,067 - INFO - scrapers.search_engine - Using cached search results for query: LORENA MARTINEZ RODRIGUEZ AGUASCALIENTES AXTB 2011...
2025-03-24 14:27:23,068 - INFO - scrapers.search_engine - Found 1 results for query: LORENA MARTINEZ RODRIGUEZ AGUASCALIENTES AXTB 2011...
2025-03-24 14:27:23,860 - INFO - scrapers.search_engine - Using cached search results for query: LORENA MARTINEZ RODRIGUEZ candidato AXTB AGUASCALI...
2025-03-24 14:27:23,861 - INFO - scrapers.search_engine - Found 1 results for query: LORENA MARTINEZ RODRIGUEZ candidato AXTB AGUASCALI...
2025-03-24 14:27:24,769 - INFO - scrapers.search_engine - Using cached search results for query: LORENA RODRIGUEZ AGUASCALIENTES 2011...
2025-03-24 14:27:24,770 - INFO - scrapers.search_engine - Found 1 results for query: LORENA RODRIGUEZ AGUASCALIENTES 2011...
2025-03-24 14:27:25,421 - INFO - scrapers.search_engine - Using cached search results for query: LORENA MARTINEZ RODRIGUEZ AXTB AGUASCALIENTES 2011...
2025-03-24 14:27:25,421 - INFO - scrapers.search_engine - Found 1 results for query: LORENA MARTINEZ RODRIGUEZ AXTB AGUASCALIENTES 2011...
2025-03-24 14:27:26,431 - INFO - scrapers.search_engine - Using cached search results for query: LORENA MARTINEZ RODRIGUEZ AGUASCALIENTES candidatu...
2025-03-24 14:27:26,432 - INFO - scrapers.search_engine - Found 1 results for query: LORENA MARTINEZ RODRIGUEZ AGUASCALIENTES candidatu...
2025-03-24 14:27:27,000 - INFO - scrapers.oxylabs_manager - Sending Oxylabs request (attempt 1/3): LORENA MARTINEZ RODRIGUEZ AGUASCALIENTES voto 2011...
2025-03-24 14:27:31,010 - INFO - scrapers.oxylabs_manager - Oxylabs API request successful for: LORENA MARTINEZ RODRIGUEZ AGUASCALIENTES voto 2011...
2025-03-24 14:27:31,011 - INFO - scrapers.oxylabs_manager - Received 1 result pages from Oxylabs
2025-03-24 14:27:31,012 - ERROR - scrapers.oxylabs_manager - Error parsing Oxylabs results: OxylabsAPIManager._extract_urls_recursively() got an unexpected keyword argument 'seen_urls'
2025-03-24 14:27:31,014 - INFO - scrapers.search_engine - No results found for query: LORENA MARTINEZ RODRIGUEZ AGUASCALIENTES voto 2011...
2025-03-24 14:27:32,034 - INFO - scrapers.search_engine - Using cached search results for query: LORENA MARTINEZ RODRIGUEZ AGUASCALIENTES 2009...
2025-03-24 14:27:32,035 - INFO - scrapers.search_engine - Found 1 results for query: LORENA MARTINEZ RODRIGUEZ AGUASCALIENTES 2009...
2025-03-24 14:27:32,902 - INFO - scrapers.search_engine - Using cached search results for query: LORENA MARTINEZ RODRIGUEZ AGUASCALIENTES 2010...
2025-03-24 14:27:32,902 - INFO - scrapers.search_engine - Found 1 results for query: LORENA MARTINEZ RODRIGUEZ AGUASCALIENTES 2010...
2025-03-24 14:27:34,195 - INFO - scrapers.search_engine - Using cached search results for query: LORENA MARTINEZ RODRIGUEZ AGUASCALIENTES 2012...
2025-03-24 14:27:34,195 - INFO - scrapers.search_engine - Found 1 results for query: LORENA MARTINEZ RODRIGUEZ AGUASCALIENTES 2012...
2025-03-24 14:27:34,922 - INFO - scrapers.search_engine - Using cached search results for query: LORENA MARTINEZ RODRIGUEZ AGUASCALIENTES 2013...
2025-03-24 14:27:34,923 - INFO - scrapers.search_engine - Found 1 results for query: LORENA MARTINEZ RODRIGUEZ AGUASCALIENTES 2013...
2025-03-24 14:27:36,103 - INFO - scrapers.search_engine - Using cached search results for query: LORENA MARTINEZ RODRIGUEZ AGUASCALIENTES candidato...
2025-03-24 14:27:36,103 - INFO - scrapers.search_engine - Found 1 results for query: LORENA MARTINEZ RODRIGUEZ AGUASCALIENTES candidato...
2025-03-24 14:27:36,740 - INFO - scrapers.search_engine - Using cached search results for query: LORENA MARTINEZ RODRIGUEZ AGUASCALIENTES president...
2025-03-24 14:27:36,741 - INFO - scrapers.search_engine - Found 1 results for query: LORENA MARTINEZ RODRIGUEZ AGUASCALIENTES president...
2025-03-24 14:27:37,843 - INFO - scrapers.search_engine - Using cached search results for query: LORENA M. RODRIGUEZ AGUASCALIENTES 2011...
2025-03-24 14:27:37,844 - INFO - scrapers.search_engine - Found 1 results for query: LORENA M. RODRIGUEZ AGUASCALIENTES 2011...
2025-03-24 14:27:37,846 - INFO - scrapers.search_engine - Complete search for LORENA MARTINEZ RODRIGUEZ: 16 total results from 1 domains
2025-03-24 14:27:37,846 - INFO - scrapers.search_engine - Proceeding with 10 results for LORENA MARTINEZ RODRIGUEZ
2025-03-24 14:27:37,849 - WARNING - scrapers.search_engine - All results would be filtered. Retaining some results as fallback.
2025-03-24 14:27:37,849 - INFO - scrapers.search_engine - Filtered 10 search results to 0 valid URLs (skipped 10)
2025-03-24 14:27:37,849 - INFO - scrapers.search_engine - Filter reasons: {'search_page': 10, 'blacklisted': 0, 'empty_url': 0}
2025-03-24 14:27:37,849 - WARNING - scrapers.search_engine - All search results were filtered out for LORENA MARTINEZ RODRIGUEZ
2025-03-24 14:27:37,850 - INFO - database.db_manager - Batch 5 completed all 1 candidates
2025-03-24 14:27:37,851 - INFO - root - Test completed successfully. Found 0 articles.
2025-03-24 14:31:17,852 - INFO - processing.entity_recognizer - Loaded Spanish spaCy model for entity recognition
2025-03-24 14:31:17,957 - INFO - processing.content_classifier - Loaded Spanish spaCy model for content classification
2025-03-24 14:31:18,013 - INFO - root - Initializing database
2025-03-24 14:31:18,013 - INFO - database.db_manager - Initializing database at /Users/joseperez/Documents/GitHub/candidate_scraper/data/mexican_candidates.db
2025-03-24 14:31:18,018 - INFO - database.db_manager - Database initialized successfully
2025-03-24 14:31:18,018 - INFO - root - Initializing name matcher
2025-03-24 14:31:18,018 - INFO - root - Initializing entity recognizer
2025-03-24 14:31:18,019 - INFO - root - Initializing content classifier
2025-03-24 14:31:18,020 - INFO - root - Initializing Oxylabs
2025-03-24 14:31:18,020 - INFO - scrapers.oxylabs_manager - Initialized OxylabsAPIManager with country=mx, mode=direct
2025-03-24 14:31:18,020 - INFO - root - Initializing search engine
2025-03-24 14:31:18,020 - INFO - root - Creating candidate: LORENA MARTINEZ RODRIGUEZ, AGUASCALIENTES, 2011
2025-03-24 14:31:18,021 - INFO - database.db_manager - Created new batch with ID 6 for 1 candidates
2025-03-24 14:31:18,021 - INFO - root - Running search
2025-03-24 14:31:18,021 - INFO - scrapers.search_engine - Enhanced search for: LORENA MARTINEZ RODRIGUEZ in AGUASCALIENTES, year 2011
2025-03-24 14:31:18,023 - INFO - scrapers.search_engine - Generated 17 search queries for LORENA MARTINEZ RODRIGUEZ
2025-03-24 14:31:18,024 - INFO - scrapers.search_engine - Using cached search results for query: LORENA MARTINEZ RODRIGUEZ AGUASCALIENTES 2011...
2025-03-24 14:31:18,024 - INFO - scrapers.search_engine - Found 1 results for query: LORENA MARTINEZ RODRIGUEZ AGUASCALIENTES 2011...
2025-03-24 14:31:18,588 - INFO - scrapers.search_engine - Using cached search results for query: LORENA MARTINEZ RODRIGUEZ AGUASCALIENTES president...
2025-03-24 14:31:18,589 - INFO - scrapers.search_engine - Found 1 results for query: LORENA MARTINEZ RODRIGUEZ AGUASCALIENTES president...
2025-03-24 14:31:19,939 - INFO - scrapers.search_engine - Using cached search results for query: candidato LORENA MARTINEZ RODRIGUEZ AGUASCALIENTES...
2025-03-24 14:31:19,939 - INFO - scrapers.search_engine - Found 1 results for query: candidato LORENA MARTINEZ RODRIGUEZ AGUASCALIENTES...
2025-03-24 14:31:20,727 - INFO - scrapers.search_engine - Using cached search results for query: presidente municipal LORENA MARTINEZ RODRIGUEZ AGU...
2025-03-24 14:31:20,728 - INFO - scrapers.search_engine - Found 1 results for query: presidente municipal LORENA MARTINEZ RODRIGUEZ AGU...
2025-03-24 14:31:22,141 - INFO - scrapers.search_engine - Using cached search results for query: LORENA MARTINEZ RODRIGUEZ AGUASCALIENTES AXTB 2011...
2025-03-24 14:31:22,142 - INFO - scrapers.search_engine - Found 1 results for query: LORENA MARTINEZ RODRIGUEZ AGUASCALIENTES AXTB 2011...
2025-03-24 14:31:23,489 - INFO - scrapers.search_engine - Using cached search results for query: LORENA MARTINEZ RODRIGUEZ candidato AXTB AGUASCALI...
2025-03-24 14:31:23,489 - INFO - scrapers.search_engine - Found 1 results for query: LORENA MARTINEZ RODRIGUEZ candidato AXTB AGUASCALI...
2025-03-24 14:31:24,522 - INFO - scrapers.search_engine - Using cached search results for query: LORENA RODRIGUEZ AGUASCALIENTES 2011...
2025-03-24 14:31:24,522 - INFO - scrapers.search_engine - Found 1 results for query: LORENA RODRIGUEZ AGUASCALIENTES 2011...
2025-03-24 14:31:25,124 - INFO - scrapers.search_engine - Using cached search results for query: LORENA MARTINEZ RODRIGUEZ AXTB AGUASCALIENTES 2011...
2025-03-24 14:31:25,125 - INFO - scrapers.search_engine - Found 1 results for query: LORENA MARTINEZ RODRIGUEZ AXTB AGUASCALIENTES 2011...
2025-03-24 14:31:26,257 - INFO - scrapers.oxylabs_manager - Sending Oxylabs request (attempt 1/3): LORENA MARTINEZ RODRIGUEZ AGUASCALIENTES eleccione...
2025-03-24 14:31:33,163 - INFO - scrapers.oxylabs_manager - Oxylabs API request successful for: LORENA MARTINEZ RODRIGUEZ AGUASCALIENTES eleccione...
2025-03-24 14:31:33,164 - INFO - scrapers.oxylabs_manager - Received 1 result pages from Oxylabs
2025-03-24 14:31:33,165 - INFO - scrapers.oxylabs_manager - Extracted 1 search results from Oxylabs API
2025-03-24 14:31:33,171 - INFO - scrapers.search_engine - Found 1 results for query: LORENA MARTINEZ RODRIGUEZ AGUASCALIENTES eleccione...
2025-03-24 14:31:34,665 - INFO - scrapers.search_engine - Using cached search results for query: LORENA MARTINEZ RODRIGUEZ AGUASCALIENTES campaña e...
2025-03-24 14:31:34,666 - INFO - scrapers.search_engine - Found 1 results for query: LORENA MARTINEZ RODRIGUEZ AGUASCALIENTES campaña e...
2025-03-24 14:31:35,461 - INFO - scrapers.search_engine - Using cached search results for query: LORENA MARTINEZ RODRIGUEZ AGUASCALIENTES 2009...
2025-03-24 14:31:35,461 - INFO - scrapers.search_engine - Found 1 results for query: LORENA MARTINEZ RODRIGUEZ AGUASCALIENTES 2009...
2025-03-24 14:31:36,156 - INFO - scrapers.search_engine - Using cached search results for query: LORENA MARTINEZ RODRIGUEZ AGUASCALIENTES 2010...
2025-03-24 14:31:36,157 - INFO - scrapers.search_engine - Found 1 results for query: LORENA MARTINEZ RODRIGUEZ AGUASCALIENTES 2010...
2025-03-24 14:31:37,099 - INFO - scrapers.search_engine - Using cached search results for query: LORENA MARTINEZ RODRIGUEZ AGUASCALIENTES 2012...
2025-03-24 14:31:37,100 - INFO - scrapers.search_engine - Found 1 results for query: LORENA MARTINEZ RODRIGUEZ AGUASCALIENTES 2012...
2025-03-24 14:31:37,979 - INFO - scrapers.search_engine - Using cached search results for query: LORENA MARTINEZ RODRIGUEZ AGUASCALIENTES 2013...
2025-03-24 14:31:37,979 - INFO - scrapers.search_engine - Found 1 results for query: LORENA MARTINEZ RODRIGUEZ AGUASCALIENTES 2013...
2025-03-24 14:31:39,451 - INFO - scrapers.search_engine - Using cached search results for query: LORENA MARTINEZ RODRIGUEZ AGUASCALIENTES candidato...
2025-03-24 14:31:39,452 - INFO - scrapers.search_engine - Found 1 results for query: LORENA MARTINEZ RODRIGUEZ AGUASCALIENTES candidato...
2025-03-24 14:31:40,735 - INFO - scrapers.search_engine - Using cached search results for query: LORENA MARTINEZ RODRIGUEZ AGUASCALIENTES president...
2025-03-24 14:31:40,736 - INFO - scrapers.search_engine - Found 1 results for query: LORENA MARTINEZ RODRIGUEZ AGUASCALIENTES president...
2025-03-24 14:31:41,350 - INFO - scrapers.search_engine - Using cached search results for query: LORENA M. RODRIGUEZ AGUASCALIENTES 2011...
2025-03-24 14:31:41,351 - INFO - scrapers.search_engine - Found 1 results for query: LORENA M. RODRIGUEZ AGUASCALIENTES 2011...
2025-03-24 14:31:41,353 - INFO - scrapers.search_engine - Complete search for LORENA MARTINEZ RODRIGUEZ: 17 total results from 1 domains
2025-03-24 14:31:41,353 - INFO - scrapers.search_engine - Proceeding with 10 results for LORENA MARTINEZ RODRIGUEZ
2025-03-24 14:31:41,356 - WARNING - scrapers.search_engine - All results were filtered out. Using unfiltered results as an emergency fallback.
2025-03-24 14:31:41,356 - INFO - scrapers.search_engine - Filtered 10 search results to 10 valid URLs (skipped 10)
2025-03-24 14:31:41,356 - INFO - scrapers.search_engine - Filter reasons: {'search_page': 10, 'blacklisted': 0, 'empty_url': 0}
2025-03-24 14:31:42,930 - INFO - database.db_manager - Batch 6 completed all 1 candidates
2025-03-24 14:31:42,932 - INFO - root - Test completed successfully. Found 0 articles.
