2025-03-22 13:03:46,961 - INFO - processing.content_classifier - Loaded Spanish spaCy model for content classification
2025-03-22 13:03:47,302 - INFO - processing.entity_recognizer - Loaded Spanish spaCy model for entity recognition
2025-03-22 13:03:47,719 - INFO - root - Initializing database at /Users/joseperez/Documents/GitHub/full_ideology_pipeline/new_version_scrap/data/mexican_candidates.db
2025-03-22 13:03:47,719 - INFO - database.db_manager - Initializing database at /Users/joseperez/Documents/GitHub/full_ideology_pipeline/new_version_scrap/data/mexican_candidates.db
2025-03-22 13:03:47,724 - INFO - database.db_manager - Database initialized successfully
2025-03-22 13:03:47,725 - INFO - root - Initializing Oxylabs API manager
2025-03-22 13:03:47,725 - INFO - scrapers.oxylabs_manager - Initialized OxylabsAPIManager with country=mx, mode=direct
2025-03-22 13:03:47,744 - INFO - root - Loaded 25862 candidates from CSV using UTF-8 encoding
2025-03-22 18:57:05,906 - INFO - processing.content_classifier - Loaded Spanish spaCy model for content classification
2025-03-22 18:57:06,101 - INFO - processing.entity_recognizer - Loaded Spanish spaCy model for entity recognition
2025-03-22 18:57:06,283 - INFO - root - Initializing database at /Users/joseperez/Documents/GitHub/full_ideology_pipeline/new_version_scrap/data/mexican_candidates.db
2025-03-22 18:57:06,283 - INFO - database.db_manager - Initializing database at /Users/joseperez/Documents/GitHub/full_ideology_pipeline/new_version_scrap/data/mexican_candidates.db
2025-03-22 18:57:06,287 - INFO - database.db_manager - Database initialized successfully
2025-03-22 18:57:06,287 - INFO - root - Initializing Oxylabs API manager
2025-03-22 18:57:06,287 - INFO - scrapers.oxylabs_manager - Initialized OxylabsAPIManager with country=mx, mode=direct
2025-03-22 18:57:06,302 - INFO - root - Raw data loaded: 25862 rows
2025-03-22 18:57:06,309 - INFO - root - Rows with missing essential data: 77
2025-03-22 18:57:06,311 - INFO - root - Rows after dropping incomplete entries: 25785
2025-03-22 18:57:06,330 - INFO - root - Successfully cleaned data: 25785 valid candidates
2025-03-22 18:57:06,334 - INFO - processing.entity_recognizer - Extracted 23518 valid candidate names
2025-03-22 18:57:06,338 - INFO - processing.entity_recognizer - Extracted 2325 valid municipalities
2025-03-22 18:57:06,563 - INFO - processing.entity_recognizer - Created mapping for 23518 candidates to municipalities
2025-03-22 18:57:06,564 - INFO - root - Analyzing candidates data...
2025-03-22 18:57:06,564 - INFO - root - Total rows in candidates data: 25785
2025-03-22 18:57:06,564 - INFO - root - Available columns: ENTIDAD, MUNICIPIO, PARTIDO, PRESIDENTE_MUNICIPAL, PERIODO_FORMATO_ORIGINAL, Year
2025-03-22 18:57:06,564 - WARNING - root - Missing optional columns: SEXO
2025-03-22 18:57:06,567 - INFO - root - Missing values analysis:
2025-03-22 18:57:06,567 - INFO - root -   PARTIDO: 603 missing values (2.34%)
2025-03-22 18:57:06,567 - INFO - root - Data type analysis:
2025-03-22 18:57:06,568 - INFO - root -   PRESIDENTE_MUNICIPAL: str: 25785 values
2025-03-22 18:57:06,570 - INFO - root -   MUNICIPIO: str: 25785 values
2025-03-22 18:57:06,573 - INFO - root -   Year: int: 25785 values
2025-03-22 18:57:06,574 - INFO - root -   ENTIDAD: str: 25785 values
2025-03-22 18:57:06,576 - INFO - root -   PARTIDO: str: 25182 values, NAType: 603 values
2025-03-22 18:57:06,578 - WARNING - root -   Column PARTIDO has 603 non-string values
2025-03-22 18:57:06,579 - WARNING - root -   Sample non-string values: [<NA>, <NA>, <NA>, <NA>, <NA>]
2025-03-22 18:57:06,580 - INFO - root -   PERIODO_FORMATO_ORIGINAL: str: 25785 values
2025-03-22 18:57:06,587 - INFO - root - Top values for ENTIDAD: {'OAXACA': np.int64(5752), 'PUEBLA': np.int64(2176), 'VERACRUZ DE IGNACIO DE LA LLAVE': np.int64(2115), 'JALISCO': np.int64(1372), 'MEXICO': np.int64(1366), 'CHIAPAS': np.int64(1319), 'YUCATAN': np.int64(1272), 'MICHOACAN DE OCAMPO': np.int64(1130), 'HIDALGO': np.int64(833), 'GUERRERO': np.int64(801)}
2025-03-22 18:57:06,587 - INFO - root - Top values for PARTIDO: {'PRI': np.int64(8958), 'UYC': np.int64(3484), 'PAN': np.int64(3212), 'COAL': np.int64(2281), 'PRD': np.int64(1933), <NA>: np.int64(603), 'PVEM': np.int64(480), 'COALICIoN': np.int64(372), 'MORENA': np.int64(355), 'CC': np.int64(330)}
2025-03-22 18:57:06,590 - INFO - root - Candidate name length: min=8, max=45, avg=23.9
2025-03-22 18:57:47,447 - INFO - processing.content_classifier - Loaded Spanish spaCy model for content classification
2025-03-22 18:57:47,631 - INFO - processing.entity_recognizer - Loaded Spanish spaCy model for entity recognition
2025-03-22 18:57:47,662 - INFO - root - Initializing database at /Users/joseperez/Documents/GitHub/full_ideology_pipeline/new_version_scrap/data/mexican_candidates.db
2025-03-22 18:57:47,662 - INFO - database.db_manager - Initializing database at /Users/joseperez/Documents/GitHub/full_ideology_pipeline/new_version_scrap/data/mexican_candidates.db
2025-03-22 18:57:47,663 - INFO - database.db_manager - Database initialized successfully
2025-03-22 18:57:47,663 - INFO - root - Initializing Oxylabs API manager
2025-03-22 18:57:47,663 - INFO - scrapers.oxylabs_manager - Initialized OxylabsAPIManager with country=mx, mode=direct
2025-03-22 18:57:47,664 - INFO - root - Validating database...
2025-03-22 18:57:47,665 - INFO - root - Database tables: search_cache, content_cache, domain_stats, domain_blacklist, candidates, sqlite_sequence, articles, candidate_articles, quotes, entities, scraping_progress, scraping_batches, candidate_profiles
2025-03-22 18:57:47,665 - INFO - root - Table search_cache: 0 records
2025-03-22 18:57:47,665 - INFO - root - Table content_cache: 0 records
2025-03-22 18:57:47,665 - INFO - root - Table domain_stats: 0 records
2025-03-22 18:57:47,665 - INFO - root - Table domain_blacklist: 33 records
2025-03-22 18:57:47,665 - INFO - root - Table candidates: 0 records
2025-03-22 18:57:47,665 - INFO - root - Table sqlite_sequence: 0 records
2025-03-22 18:57:47,665 - INFO - root - Table articles: 0 records
2025-03-22 18:57:47,665 - INFO - root - Table candidate_articles: 0 records
2025-03-22 18:57:47,665 - INFO - root - Table quotes: 0 records
2025-03-22 18:57:47,665 - INFO - root - Table entities: 0 records
2025-03-22 18:57:47,665 - INFO - root - Table scraping_progress: 0 records
2025-03-22 18:57:47,665 - INFO - root - Table scraping_batches: 0 records
2025-03-22 18:57:47,665 - INFO - root - Table candidate_profiles: 0 records
2025-03-22 18:57:47,666 - INFO - root - Database validation complete
2025-03-22 18:58:01,943 - INFO - processing.content_classifier - Loaded Spanish spaCy model for content classification
2025-03-22 18:58:02,142 - INFO - processing.entity_recognizer - Loaded Spanish spaCy model for entity recognition
2025-03-22 18:58:02,173 - INFO - root - Initializing database at /Users/joseperez/Documents/GitHub/full_ideology_pipeline/new_version_scrap/data/mexican_candidates.db
2025-03-22 18:58:02,173 - INFO - database.db_manager - Initializing database at /Users/joseperez/Documents/GitHub/full_ideology_pipeline/new_version_scrap/data/mexican_candidates.db
2025-03-22 18:58:02,174 - INFO - database.db_manager - Database initialized successfully
2025-03-22 18:58:02,174 - INFO - root - Initializing Oxylabs API manager
2025-03-22 18:58:02,174 - INFO - scrapers.oxylabs_manager - Initialized OxylabsAPIManager with country=mx, mode=direct
2025-03-22 18:58:02,186 - INFO - root - Raw data loaded: 25862 rows
2025-03-22 18:58:02,190 - INFO - root - Rows with missing essential data: 77
2025-03-22 18:58:02,192 - INFO - root - Rows after dropping incomplete entries: 25785
2025-03-22 18:58:02,208 - INFO - root - Successfully cleaned data: 25785 valid candidates
2025-03-22 18:58:02,212 - INFO - processing.entity_recognizer - Extracted 23518 valid candidate names
2025-03-22 18:58:02,216 - INFO - processing.entity_recognizer - Extracted 2325 valid municipalities
2025-03-22 18:58:02,442 - INFO - processing.entity_recognizer - Created mapping for 23518 candidates to municipalities
2025-03-22 18:58:02,443 - INFO - root - Starting batch processing...
2025-03-22 18:58:02,489 - INFO - root - Starting batch with 5 candidates
2025-03-22 18:58:02,490 - INFO - database.db_manager - Created new batch with ID 1 for 5 candidates
2025-03-22 18:58:02,490 - INFO - root - Processing candidate: LORENA MARTINEZ RODRIGUEZ, AGUASCALIENTES, 2011
2025-03-22 18:58:02,490 - INFO - root - Processing candidate: LEONARDO MONTAÑEZ  CASTRO, AGUASCALIENTES, 2022
2025-03-22 18:58:02,490 - INFO - root - Processing candidate: MA ALICIA DE LA ROSA LOPEZ, AGUASCALIENTES, 1991
2025-03-22 18:58:02,490 - ERROR - scrapers.search_engine - Error in search_candidate: name 'pd' is not defined
2025-03-22 18:58:02,490 - INFO - root - Processing candidate: ALFREDO MARTIN REYES VELAZQUEZ, AGUASCALIENTES, 1996
2025-03-22 18:58:02,490 - INFO - root - Processing candidate: LUIS ARMANDO REYNOSO FEMAT, AGUASCALIENTES, 1999
2025-03-22 18:58:02,490 - ERROR - scrapers.search_engine - Error in search_candidate: name 'pd' is not defined
2025-03-22 18:58:02,490 - ERROR - scrapers.search_engine - Error in search_candidate: name 'pd' is not defined
2025-03-22 18:58:02,491 - ERROR - scrapers.search_engine - Error in search_candidate: name 'pd' is not defined
2025-03-22 18:58:02,491 - INFO - root - Found 0 articles for LORENA MARTINEZ RODRIGUEZ
2025-03-22 18:58:02,491 - ERROR - scrapers.search_engine - Error in search_candidate: name 'pd' is not defined
2025-03-22 18:58:02,491 - INFO - root - Found 0 articles for LEONARDO MONTAÑEZ  CASTRO
2025-03-22 18:58:02,491 - INFO - root - Found 0 articles for MA ALICIA DE LA ROSA LOPEZ
2025-03-22 18:58:02,491 - INFO - root - Found 0 articles for ALFREDO MARTIN REYES VELAZQUEZ
2025-03-22 18:58:02,491 - INFO - root - Completed LORENA MARTINEZ RODRIGUEZ with 0 results
2025-03-22 18:58:02,491 - INFO - root - Found 0 articles for LUIS ARMANDO REYNOSO FEMAT
2025-03-22 18:58:02,491 - INFO - root - Batch progress: 20.0% (1/5)
2025-03-22 18:58:02,492 - INFO - root - Completed LEONARDO MONTAÑEZ  CASTRO with 0 results
2025-03-22 18:58:02,492 - INFO - root - Batch progress: 40.0% (2/5)
2025-03-22 18:58:02,492 - INFO - root - Completed MA ALICIA DE LA ROSA LOPEZ with 0 results
2025-03-22 18:58:02,492 - INFO - root - Batch progress: 60.0% (3/5)
2025-03-22 18:58:02,492 - INFO - root - Completed ALFREDO MARTIN REYES VELAZQUEZ with 0 results
2025-03-22 18:58:02,492 - INFO - root - Batch progress: 80.0% (4/5)
2025-03-22 18:58:02,492 - INFO - root - Completed LUIS ARMANDO REYNOSO FEMAT with 0 results
2025-03-22 18:58:02,492 - INFO - root - Batch progress: 100.0% (5/5)
2025-03-22 18:58:02,492 - INFO - database.db_manager - Updated batch 1 status to IN_PROGRESS
2025-03-22 18:58:02,493 - INFO - database.db_manager - Updated batch 1 status to COMPLETED
2025-03-22 18:58:02,493 - INFO - root - Batch 1 completed
2025-03-22 18:58:02,493 - INFO - root - Creating candidate profiles...
2025-03-22 18:58:02,493 - WARNING - database.db_manager - No candidates found for profile creation
2025-03-22 18:58:02,494 - INFO - root - Scraping completed!
2025-03-22 19:00:02,556 - INFO - processing.content_classifier - Loaded Spanish spaCy model for content classification
2025-03-22 19:00:02,743 - INFO - processing.entity_recognizer - Loaded Spanish spaCy model for entity recognition
2025-03-22 19:00:02,775 - INFO - root - Initializing database at /Users/joseperez/Documents/GitHub/full_ideology_pipeline/new_version_scrap/data/mexican_candidates.db
2025-03-22 19:00:02,775 - INFO - database.db_manager - Initializing database at /Users/joseperez/Documents/GitHub/full_ideology_pipeline/new_version_scrap/data/mexican_candidates.db
2025-03-22 19:00:02,776 - INFO - database.db_manager - Database initialized successfully
2025-03-22 19:00:02,776 - INFO - root - Initializing Oxylabs API manager
2025-03-22 19:00:02,776 - INFO - scrapers.oxylabs_manager - Initialized OxylabsAPIManager with country=mx, mode=direct
2025-03-22 19:00:02,787 - INFO - root - Raw data loaded: 25862 rows
2025-03-22 19:00:02,791 - INFO - root - Rows with missing essential data: 77
2025-03-22 19:00:02,793 - INFO - root - Rows after dropping incomplete entries: 25785
2025-03-22 19:00:02,807 - INFO - root - Successfully cleaned data: 25785 valid candidates
2025-03-22 19:00:02,811 - INFO - processing.entity_recognizer - Extracted 23518 valid candidate names
2025-03-22 19:00:02,815 - INFO - processing.entity_recognizer - Extracted 2325 valid municipalities
2025-03-22 19:00:03,038 - INFO - processing.entity_recognizer - Created mapping for 23518 candidates to municipalities
2025-03-22 19:00:03,040 - INFO - root - Starting batch processing...
2025-03-22 19:00:03,083 - INFO - root - Starting batch with 5 candidates
2025-03-22 19:00:03,084 - INFO - database.db_manager - Created new batch with ID 2 for 5 candidates
2025-03-22 19:00:03,084 - INFO - root - Processing candidate: LORENA MARTINEZ RODRIGUEZ, AGUASCALIENTES, 2011
2025-03-22 19:00:03,084 - INFO - root - Processing candidate: LEONARDO MONTAÑEZ  CASTRO, AGUASCALIENTES, 2022
2025-03-22 19:00:03,084 - INFO - root - Processing candidate: MA ALICIA DE LA ROSA LOPEZ, AGUASCALIENTES, 1991
2025-03-22 19:00:03,084 - INFO - root - Processing candidate: ALFREDO MARTIN REYES VELAZQUEZ, AGUASCALIENTES, 1996
2025-03-22 19:00:03,084 - INFO - scrapers.search_engine - Searching for: LORENA MARTINEZ RODRIGUEZ in AGUASCALIENTES, year 2011
2025-03-22 19:00:03,084 - INFO - root - Processing candidate: LUIS ARMANDO REYNOSO FEMAT, AGUASCALIENTES, 1999
2025-03-22 19:00:03,084 - INFO - scrapers.search_engine - Searching for: LEONARDO MONTAÑEZ  CASTRO in AGUASCALIENTES, year 2022
2025-03-22 19:00:03,084 - INFO - scrapers.search_engine - Searching for: MA ALICIA DE LA ROSA LOPEZ in AGUASCALIENTES, year 1991
2025-03-22 19:00:03,084 - INFO - scrapers.search_engine - Searching for: ALFREDO MARTIN REYES VELAZQUEZ in AGUASCALIENTES, year 1996
2025-03-22 19:00:03,084 - INFO - scrapers.search_engine - Searching for: LUIS ARMANDO REYNOSO FEMAT in AGUASCALIENTES, year 1999
2025-03-22 19:00:03,086 - INFO - scrapers.oxylabs_manager - Sending Oxylabs request (attempt 1/3): "LEONARDO MONTAÑEZ  CASTRO" "AGUASCALIENTES" 2022 ...
2025-03-22 19:00:03,087 - INFO - scrapers.oxylabs_manager - Sending Oxylabs request (attempt 1/3): "MA ALICIA DE LA ROSA LOPEZ" "AGUASCALIENTES" 1991...
2025-03-22 19:00:03,090 - INFO - scrapers.oxylabs_manager - Sending Oxylabs request (attempt 1/3): "LUIS ARMANDO REYNOSO FEMAT" "AGUASCALIENTES" 1999...
2025-03-22 19:00:03,096 - INFO - scrapers.oxylabs_manager - Sending Oxylabs request (attempt 1/3): "ALFREDO MARTIN REYES VELAZQUEZ" "AGUASCALIENTES" ...
2025-03-22 19:00:03,112 - INFO - scrapers.oxylabs_manager - Sending Oxylabs request (attempt 1/3): "LORENA MARTINEZ RODRIGUEZ" "AGUASCALIENTES" 2011 ...
2025-03-22 19:00:04,136 - WARNING - scrapers.oxylabs_manager - Oxylabs API error: 400 - {"message":"Parameter `domain` with value `google.com.mx` is not available."}
2025-03-22 19:00:04,137 - INFO - scrapers.oxylabs_manager - Retrying in 1.5 seconds...
2025-03-22 19:00:04,283 - WARNING - scrapers.oxylabs_manager - Oxylabs API error: 400 - {"message":"Parameter `domain` with value `google.com.mx` is not available."}
2025-03-22 19:00:04,284 - INFO - scrapers.oxylabs_manager - Retrying in 1.5 seconds...
2025-03-22 19:00:04,285 - WARNING - scrapers.oxylabs_manager - Oxylabs API error: 400 - {"message":"Parameter `domain` with value `google.com.mx` is not available."}
2025-03-22 19:00:04,285 - INFO - scrapers.oxylabs_manager - Retrying in 1.5 seconds...
2025-03-22 19:00:05,238 - WARNING - scrapers.oxylabs_manager - Oxylabs API error: 400 - {"message":"Parameter `domain` with value `google.com.mx` is not available."}
2025-03-22 19:00:05,239 - INFO - scrapers.oxylabs_manager - Retrying in 1.5 seconds...
2025-03-22 19:00:05,530 - WARNING - scrapers.oxylabs_manager - Oxylabs API error: 400 - {"message":"Parameter `domain` with value `google.com.mx` is not available."}
2025-03-22 19:00:05,531 - INFO - scrapers.oxylabs_manager - Retrying in 1.5 seconds...
2025-03-22 19:00:05,642 - INFO - scrapers.oxylabs_manager - Sending Oxylabs request (attempt 2/3): "LORENA MARTINEZ RODRIGUEZ" "AGUASCALIENTES" 2011 ...
2025-03-22 19:00:05,789 - INFO - scrapers.oxylabs_manager - Sending Oxylabs request (attempt 2/3): "LEONARDO MONTAÑEZ  CASTRO" "AGUASCALIENTES" 2022 ...
2025-03-22 19:00:05,790 - INFO - scrapers.oxylabs_manager - Sending Oxylabs request (attempt 2/3): "MA ALICIA DE LA ROSA LOPEZ" "AGUASCALIENTES" 1991...
2025-03-22 19:00:06,484 - WARNING - scrapers.oxylabs_manager - Oxylabs API error: 400 - {"message":"Parameter `domain` with value `google.com.mx` is not available."}
2025-03-22 19:00:06,485 - INFO - scrapers.oxylabs_manager - Retrying in 3.0 seconds...
2025-03-22 19:00:06,654 - WARNING - scrapers.oxylabs_manager - Oxylabs API error: 400 - {"message":"Parameter `domain` with value `google.com.mx` is not available."}
2025-03-22 19:00:06,654 - WARNING - scrapers.oxylabs_manager - Oxylabs API error: 400 - {"message":"Parameter `domain` with value `google.com.mx` is not available."}
2025-03-22 19:00:06,654 - INFO - scrapers.oxylabs_manager - Retrying in 3.0 seconds...
2025-03-22 19:00:06,654 - INFO - scrapers.oxylabs_manager - Retrying in 3.0 seconds...
2025-03-22 19:00:06,744 - INFO - scrapers.oxylabs_manager - Sending Oxylabs request (attempt 2/3): "ALFREDO MARTIN REYES VELAZQUEZ" "AGUASCALIENTES" ...
2025-03-22 19:00:07,037 - INFO - scrapers.oxylabs_manager - Sending Oxylabs request (attempt 2/3): "LUIS ARMANDO REYNOSO FEMAT" "AGUASCALIENTES" 1999...
2025-03-22 19:00:08,201 - WARNING - scrapers.oxylabs_manager - Oxylabs API error: 400 - {"message":"Parameter `domain` with value `google.com.mx` is not available."}
2025-03-22 19:00:08,202 - INFO - scrapers.oxylabs_manager - Retrying in 3.0 seconds...
2025-03-22 19:00:08,455 - WARNING - scrapers.oxylabs_manager - Oxylabs API error: 400 - {"message":"Parameter `domain` with value `google.com.mx` is not available."}
2025-03-22 19:00:08,455 - INFO - scrapers.oxylabs_manager - Retrying in 3.0 seconds...
2025-03-22 19:00:09,489 - INFO - scrapers.oxylabs_manager - Sending Oxylabs request (attempt 3/3): "LORENA MARTINEZ RODRIGUEZ" "AGUASCALIENTES" 2011 ...
2025-03-22 19:00:09,659 - INFO - scrapers.oxylabs_manager - Sending Oxylabs request (attempt 3/3): "MA ALICIA DE LA ROSA LOPEZ" "AGUASCALIENTES" 1991...
2025-03-22 19:00:09,660 - INFO - scrapers.oxylabs_manager - Sending Oxylabs request (attempt 3/3): "LEONARDO MONTAÑEZ  CASTRO" "AGUASCALIENTES" 2022 ...
2025-03-22 19:00:10,356 - WARNING - scrapers.oxylabs_manager - Oxylabs API error: 400 - {"message":"Parameter `domain` with value `google.com.mx` is not available."}
2025-03-22 19:00:10,360 - WARNING - scrapers.oxylabs_manager - Oxylabs API error: Oxylabs API error: 400 - {"message":"Parameter `domain` with value `google.com.mx` is not available."}
2025-03-22 19:00:10,367 - WARNING - scrapers.search_engine - No search results found for LORENA MARTINEZ RODRIGUEZ
2025-03-22 19:00:10,369 - INFO - root - Found 0 articles for LORENA MARTINEZ RODRIGUEZ
2025-03-22 19:00:10,369 - INFO - root - Completed LORENA MARTINEZ RODRIGUEZ with 0 results
2025-03-22 19:00:10,370 - INFO - root - Batch progress: 20.0% (1/5)
2025-03-22 19:00:10,492 - WARNING - scrapers.oxylabs_manager - Oxylabs API error: 400 - {"message":"Parameter `domain` with value `google.com.mx` is not available."}
2025-03-22 19:00:10,493 - WARNING - scrapers.oxylabs_manager - Oxylabs API error: Oxylabs API error: 400 - {"message":"Parameter `domain` with value `google.com.mx` is not available."}
2025-03-22 19:00:10,498 - WARNING - scrapers.search_engine - No search results found for MA ALICIA DE LA ROSA LOPEZ
2025-03-22 19:00:10,500 - INFO - root - Found 0 articles for MA ALICIA DE LA ROSA LOPEZ
2025-03-22 19:00:11,207 - INFO - scrapers.oxylabs_manager - Sending Oxylabs request (attempt 3/3): "ALFREDO MARTIN REYES VELAZQUEZ" "AGUASCALIENTES" ...
2025-03-22 19:00:11,460 - INFO - scrapers.oxylabs_manager - Sending Oxylabs request (attempt 3/3): "LUIS ARMANDO REYNOSO FEMAT" "AGUASCALIENTES" 1999...
2025-03-22 19:00:11,956 - WARNING - scrapers.oxylabs_manager - Oxylabs API error: 400 - {"message":"Parameter `domain` with value `google.com.mx` is not available."}
2025-03-22 19:00:11,957 - WARNING - scrapers.oxylabs_manager - Oxylabs API error: Oxylabs API error: 400 - {"message":"Parameter `domain` with value `google.com.mx` is not available."}
2025-03-22 19:00:11,965 - WARNING - scrapers.search_engine - No search results found for ALFREDO MARTIN REYES VELAZQUEZ
2025-03-22 19:00:11,968 - INFO - root - Found 0 articles for ALFREDO MARTIN REYES VELAZQUEZ
2025-03-22 19:00:11,994 - WARNING - scrapers.oxylabs_manager - Oxylabs API error: 400 - {"message":"Parameter `domain` with value `google.com.mx` is not available."}
2025-03-22 19:00:11,995 - WARNING - scrapers.oxylabs_manager - Oxylabs API error: Oxylabs API error: 400 - {"message":"Parameter `domain` with value `google.com.mx` is not available."}
2025-03-22 19:00:11,999 - WARNING - scrapers.search_engine - No search results found for LEONARDO MONTAÑEZ  CASTRO
2025-03-22 19:00:12,002 - INFO - root - Found 0 articles for LEONARDO MONTAÑEZ  CASTRO
2025-03-22 19:00:12,002 - INFO - root - Completed LEONARDO MONTAÑEZ  CASTRO with 0 results
2025-03-22 19:00:12,002 - INFO - root - Batch progress: 40.0% (2/5)
2025-03-22 19:00:12,002 - INFO - root - Completed MA ALICIA DE LA ROSA LOPEZ with 0 results
2025-03-22 19:00:12,002 - INFO - root - Batch progress: 60.0% (3/5)
2025-03-22 19:00:12,002 - INFO - root - Completed ALFREDO MARTIN REYES VELAZQUEZ with 0 results
2025-03-22 19:00:12,003 - INFO - root - Batch progress: 80.0% (4/5)
2025-03-22 19:00:13,357 - WARNING - scrapers.oxylabs_manager - Oxylabs API error: 400 - {"message":"Parameter `domain` with value `google.com.mx` is not available."}
2025-03-22 19:00:13,358 - WARNING - scrapers.oxylabs_manager - Oxylabs API error: Oxylabs API error: 400 - {"message":"Parameter `domain` with value `google.com.mx` is not available."}
2025-03-22 19:00:13,366 - WARNING - scrapers.search_engine - No search results found for LUIS ARMANDO REYNOSO FEMAT
2025-03-22 19:00:13,368 - INFO - database.db_manager - Batch 2 completed all 5 candidates
2025-03-22 19:00:13,369 - INFO - root - Found 0 articles for LUIS ARMANDO REYNOSO FEMAT
2025-03-22 19:00:13,369 - INFO - root - Completed LUIS ARMANDO REYNOSO FEMAT with 0 results
2025-03-22 19:00:13,369 - INFO - root - Batch progress: 100.0% (5/5)
2025-03-22 19:00:13,371 - INFO - database.db_manager - Updated batch 2 status to IN_PROGRESS
2025-03-22 19:00:13,372 - INFO - database.db_manager - Updated batch 2 status to COMPLETED
2025-03-22 19:00:13,372 - INFO - root - Batch 2 completed
2025-03-22 19:00:13,372 - INFO - root - Creating candidate profiles...
2025-03-22 19:00:13,373 - WARNING - database.db_manager - No candidates found for profile creation
2025-03-22 19:00:13,374 - INFO - root - Scraping completed!
