2025-03-24 15:21:47,901 - INFO - Starting Mexican municipal candidate web scraping (Spanish content only)
2025-03-24 15:21:47,901 - INFO - Using Oxylabs proxy with username: jose0221_t0O13
2025-03-24 15:21:47,901 - INFO - Using sequential processing
2025-03-24 15:21:47,903 - INFO - Loading candidates from candidates.csv
2025-03-24 15:21:57,595 - INFO - Resuming job with 0 already processed candidates
2025-03-24 15:21:57,598 - INFO - Processing query: LORENA MARTINEZ RODRIGUEZ AGUASCALIENTES 2011
2025-03-24 15:21:57,598 - INFO - Searching Google: https://www.google.com/search?q=LORENA%20MARTINEZ%20RODRIGUEZ%20AGUASCALIENTES%202011%20after%3A2009-01-01%20before%3A2013-12-31%20lang%3Aes&start=0&gl=mx&hl=es&lr=lang_es
2025-03-24 15:21:57,984 - WARNING - Error searching LORENA MARTINEZ RODRIGUEZ AGUASCALIENTES 2011 (attempt 1/3): 407 Client Error: Proxy Authentication Required for url: https://pr.oxylabs.io:7777/
2025-03-24 15:21:59,569 - WARNING - Error searching LORENA MARTINEZ RODRIGUEZ AGUASCALIENTES 2011 (attempt 2/3): 407 Client Error: Proxy Authentication Required for url: https://pr.oxylabs.io:7777/
2025-03-24 15:22:02,656 - WARNING - Error searching LORENA MARTINEZ RODRIGUEZ AGUASCALIENTES 2011 (attempt 3/3): 407 Client Error: Proxy Authentication Required for url: https://pr.oxylabs.io:7777/
2025-03-24 15:22:07,161 - ERROR - Failed to search LORENA MARTINEZ RODRIGUEZ AGUASCALIENTES 2011 after 3 attempts
2025-03-24 15:22:07,163 - INFO - Searching Bing: https://www.bing.com/search?q=LORENA%20MARTINEZ%20RODRIGUEZ%20AGUASCALIENTES%202011%20daterange%3A2009-2013%20language%3Aes&first=1&cc=mx&setlang=es
2025-03-24 15:22:07,251 - WARNING - Error searching Bing for LORENA MARTINEZ RODRIGUEZ AGUASCALIENTES 2011 (attempt 1/3): 407 Client Error: Proxy Authentication Required for url: https://pr.oxylabs.io:7777/
2025-03-24 15:22:08,855 - WARNING - Error searching Bing for LORENA MARTINEZ RODRIGUEZ AGUASCALIENTES 2011 (attempt 2/3): 407 Client Error: Proxy Authentication Required for url: https://pr.oxylabs.io:7777/
2025-03-24 15:22:11,951 - WARNING - Error searching Bing for LORENA MARTINEZ RODRIGUEZ AGUASCALIENTES 2011 (attempt 3/3): 407 Client Error: Proxy Authentication Required for url: https://pr.oxylabs.io:7777/
2025-03-24 15:22:16,456 - ERROR - Failed to search Bing for LORENA MARTINEZ RODRIGUEZ AGUASCALIENTES 2011 after 3 attempts
2025-03-24 15:22:16,457 - WARNING - No search results found for query: LORENA MARTINEZ RODRIGUEZ AGUASCALIENTES 2011
2025-03-24 15:22:16,457 - INFO - Processing query: LORENA MARTINEZ RODRIGUEZ candidato AGUASCALIENTES AXTB
2025-03-24 15:22:16,457 - INFO - Searching Google: https://www.google.com/search?q=LORENA%20MARTINEZ%20RODRIGUEZ%20candidato%20AGUASCALIENTES%20AXTB%20after%3A2009-01-01%20before%3A2013-12-31%20lang%3Aes&start=0&gl=mx&hl=es&lr=lang_es
2025-03-24 15:22:16,903 - WARNING - Error searching LORENA MARTINEZ RODRIGUEZ candidato AGUASCALIENTES AXTB (attempt 1/3): 407 Client Error: Proxy Authentication Required for url: https://pr.oxylabs.io:7777/
2025-03-24 15:22:18,493 - WARNING - Error searching LORENA MARTINEZ RODRIGUEZ candidato AGUASCALIENTES AXTB (attempt 2/3): 407 Client Error: Proxy Authentication Required for url: https://pr.oxylabs.io:7777/
2025-03-24 15:22:21,576 - WARNING - Error searching LORENA MARTINEZ RODRIGUEZ candidato AGUASCALIENTES AXTB (attempt 3/3): 407 Client Error: Proxy Authentication Required for url: https://pr.oxylabs.io:7777/
2025-03-24 15:22:26,079 - ERROR - Failed to search LORENA MARTINEZ RODRIGUEZ candidato AGUASCALIENTES AXTB after 3 attempts
2025-03-24 15:22:26,079 - INFO - Searching Bing: https://www.bing.com/search?q=LORENA%20MARTINEZ%20RODRIGUEZ%20candidato%20AGUASCALIENTES%20AXTB%20daterange%3A2009-2013%20language%3Aes&first=1&cc=mx&setlang=es
2025-03-24 15:22:26,161 - WARNING - Error searching Bing for LORENA MARTINEZ RODRIGUEZ candidato AGUASCALIENTES AXTB (attempt 1/3): 407 Client Error: Proxy Authentication Required for url: https://pr.oxylabs.io:7777/
2025-03-24 15:22:27,746 - WARNING - Error searching Bing for LORENA MARTINEZ RODRIGUEZ candidato AGUASCALIENTES AXTB (attempt 2/3): 407 Client Error: Proxy Authentication Required for url: https://pr.oxylabs.io:7777/
2025-03-24 15:22:30,837 - WARNING - Error searching Bing for LORENA MARTINEZ RODRIGUEZ candidato AGUASCALIENTES AXTB (attempt 3/3): 407 Client Error: Proxy Authentication Required for url: https://pr.oxylabs.io:7777/
2025-03-24 15:22:35,343 - ERROR - Failed to search Bing for LORENA MARTINEZ RODRIGUEZ candidato AGUASCALIENTES AXTB after 3 attempts
2025-03-24 15:22:35,343 - WARNING - No search results found for query: LORENA MARTINEZ RODRIGUEZ candidato AGUASCALIENTES AXTB
2025-03-24 15:22:35,343 - INFO - Processing query: LORENA MARTINEZ RODRIGUEZ elección AGUASCALIENTES AGUASCALIENTES
2025-03-24 15:22:35,343 - INFO - Searching Google: https://www.google.com/search?q=LORENA%20MARTINEZ%20RODRIGUEZ%20elecci%C3%B3n%20AGUASCALIENTES%20AGUASCALIENTES%20after%3A2009-01-01%20before%3A2013-12-31%20lang%3Aes&start=0&gl=mx&hl=es&lr=lang_es
2025-03-24 15:22:35,423 - WARNING - Error searching LORENA MARTINEZ RODRIGUEZ elección AGUASCALIENTES AGUASCALIENTES (attempt 1/3): 407 Client Error: Proxy Authentication Required for url: https://pr.oxylabs.io:7777/
2025-03-24 15:22:37,013 - WARNING - Error searching LORENA MARTINEZ RODRIGUEZ elección AGUASCALIENTES AGUASCALIENTES (attempt 2/3): 407 Client Error: Proxy Authentication Required for url: https://pr.oxylabs.io:7777/
2025-03-24 15:22:40,097 - WARNING - Error searching LORENA MARTINEZ RODRIGUEZ elección AGUASCALIENTES AGUASCALIENTES (attempt 3/3): 407 Client Error: Proxy Authentication Required for url: https://pr.oxylabs.io:7777/
2025-03-24 15:22:44,602 - ERROR - Failed to search LORENA MARTINEZ RODRIGUEZ elección AGUASCALIENTES AGUASCALIENTES after 3 attempts
2025-03-24 15:22:44,602 - INFO - Searching Bing: https://www.bing.com/search?q=LORENA%20MARTINEZ%20RODRIGUEZ%20elecci%C3%B3n%20AGUASCALIENTES%20AGUASCALIENTES%20daterange%3A2009-2013%20language%3Aes&first=1&cc=mx&setlang=es
2025-03-24 15:22:44,718 - WARNING - Error searching Bing for LORENA MARTINEZ RODRIGUEZ elección AGUASCALIENTES AGUASCALIENTES (attempt 1/3): 407 Client Error: Proxy Authentication Required for url: https://pr.oxylabs.io:7777/
2025-03-24 15:22:46,311 - WARNING - Error searching Bing for LORENA MARTINEZ RODRIGUEZ elección AGUASCALIENTES AGUASCALIENTES (attempt 2/3): 407 Client Error: Proxy Authentication Required for url: https://pr.oxylabs.io:7777/
2025-03-24 15:22:49,401 - WARNING - Error searching Bing for LORENA MARTINEZ RODRIGUEZ elección AGUASCALIENTES AGUASCALIENTES (attempt 3/3): 407 Client Error: Proxy Authentication Required for url: https://pr.oxylabs.io:7777/
2025-03-24 15:22:53,903 - ERROR - Failed to search Bing for LORENA MARTINEZ RODRIGUEZ elección AGUASCALIENTES AGUASCALIENTES after 3 attempts
2025-03-24 15:22:53,904 - WARNING - No search results found for query: LORENA MARTINEZ RODRIGUEZ elección AGUASCALIENTES AGUASCALIENTES
2025-03-24 15:22:53,904 - INFO - Processing query: LORENA MARTINEZ RODRIGUEZ campaña AGUASCALIENTES
2025-03-24 15:22:53,904 - INFO - Searching Google: https://www.google.com/search?q=LORENA%20MARTINEZ%20RODRIGUEZ%20campa%C3%B1a%20AGUASCALIENTES%20after%3A2009-01-01%20before%3A2013-12-31%20lang%3Aes&start=0&gl=mx&hl=es&lr=lang_es
2025-03-24 15:22:53,990 - WARNING - Error searching LORENA MARTINEZ RODRIGUEZ campaña AGUASCALIENTES (attempt 1/3): 407 Client Error: Proxy Authentication Required for url: https://pr.oxylabs.io:7777/
2025-03-24 15:22:55,665 - WARNING - Error searching LORENA MARTINEZ RODRIGUEZ campaña AGUASCALIENTES (attempt 2/3): 407 Client Error: Proxy Authentication Required for url: https://pr.oxylabs.io:7777/
2025-03-24 15:22:58,755 - WARNING - Error searching LORENA MARTINEZ RODRIGUEZ campaña AGUASCALIENTES (attempt 3/3): 407 Client Error: Proxy Authentication Required for url: https://pr.oxylabs.io:7777/
2025-03-24 15:23:03,260 - ERROR - Failed to search LORENA MARTINEZ RODRIGUEZ campaña AGUASCALIENTES after 3 attempts
2025-03-24 15:23:03,260 - INFO - Searching Bing: https://www.bing.com/search?q=LORENA%20MARTINEZ%20RODRIGUEZ%20campa%C3%B1a%20AGUASCALIENTES%20daterange%3A2009-2013%20language%3Aes&first=1&cc=mx&setlang=es
2025-03-24 15:23:03,450 - WARNING - Error searching Bing for LORENA MARTINEZ RODRIGUEZ campaña AGUASCALIENTES (attempt 1/3): 407 Client Error: Proxy Authentication Required for url: https://pr.oxylabs.io:7777/
2025-03-24 15:23:05,222 - WARNING - Error searching Bing for LORENA MARTINEZ RODRIGUEZ campaña AGUASCALIENTES (attempt 2/3): 407 Client Error: Proxy Authentication Required for url: https://pr.oxylabs.io:7777/
2025-03-24 15:23:08,320 - WARNING - Error searching Bing for LORENA MARTINEZ RODRIGUEZ campaña AGUASCALIENTES (attempt 3/3): 407 Client Error: Proxy Authentication Required for url: https://pr.oxylabs.io:7777/
2025-03-24 15:23:12,821 - ERROR - Failed to search Bing for LORENA MARTINEZ RODRIGUEZ campaña AGUASCALIENTES after 3 attempts
2025-03-24 15:23:12,821 - WARNING - No search results found for query: LORENA MARTINEZ RODRIGUEZ campaña AGUASCALIENTES
2025-03-24 15:23:12,829 - INFO - Processing query: LEONARDO MONTAÑEZ  CASTRO AGUASCALIENTES 2022
2025-03-24 15:23:12,830 - INFO - Searching Google: https://www.google.com/search?q=LEONARDO%20MONTA%C3%91EZ%C2%A0%20CASTRO%20AGUASCALIENTES%202022%20after%3A2020-01-01%20before%3A2024-12-31%20lang%3Aes&start=0&gl=mx&hl=es&lr=lang_es
2025-03-24 15:23:12,945 - WARNING - Error searching LEONARDO MONTAÑEZ  CASTRO AGUASCALIENTES 2022 (attempt 1/3): 407 Client Error: Proxy Authentication Required for url: https://pr.oxylabs.io:7777/
2025-03-24 15:23:14,712 - WARNING - Error searching LEONARDO MONTAÑEZ  CASTRO AGUASCALIENTES 2022 (attempt 2/3): 407 Client Error: Proxy Authentication Required for url: https://pr.oxylabs.io:7777/
